        -:    0:Source:a.c
        -:    0:Graph:a.gcno
        -:    0:Data:a.gcda
        -:    0:Runs:1
        -:    1:/*
        -:    2:Code automatically generated by asn1scc tool
        -:    3:*/
        -:    4:#include <limits.h>
        -:    5:#include <string.h>
        -:    6:#include <math.h>
        -:    7:
        -:    8:#include "asn1crt_encoding.h"
        -:    9:#include "asn1crt_encoding_uper.h"
        -:   10:#include "asn1crt_encoding_acn.h"
        -:   11:
        -:   12:#include "a.h"
        -:   13:
        -:   14:
        2:   15:flag BUFFER_LENGTH_TYPE_Equal(const BUFFER_LENGTH_TYPE* pVal1, const BUFFER_LENGTH_TYPE* pVal2)
        -:   16:{
        2:   17:	return (*(pVal1)) == (*(pVal2));
        -:   18:
        -:   19:}
        -:   20:
        6:   21:flag BUFFER_LENGTH_TYPE_IsConstraintValid(const BUFFER_LENGTH_TYPE* pVal, int* pErrCode)
        -:   22:{
        6:   23:    flag ret = TRUE;
        6:   24:    ret = ((*(pVal)) <= 100UL);
        6:   25:    *pErrCode = ret ? 0 :  ERR_BUFFER_LENGTH_TYPE;
        -:   26:
        6:   27:	return ret;
        -:   28:}
        -:   29:
        2:   30:void BUFFER_LENGTH_TYPE_Initialize(BUFFER_LENGTH_TYPE* pVal)
        -:   31:{
        -:   32:	(void)pVal;
        -:   33:
        -:   34:
        2:   35:	(*(pVal)) = 0UL;
        2:   36:}
        -:   37:
        2:   38:flag BUFFER_LENGTH_TYPE_ACN_Encode(const BUFFER_LENGTH_TYPE* pVal, BitStream* pBitStrm, int* pErrCode, flag bCheckConstraints)
        -:   39:{
        2:   40:    flag ret = TRUE;
        -:   41:
        2:   42:    *pErrCode = 0;
       2*:   43:	ret = bCheckConstraints ? BUFFER_LENGTH_TYPE_IsConstraintValid(pVal, pErrCode) : TRUE ;
        2:   44:	if (ret && *pErrCode == 0) {
        2:   45:	    BitStream_EncodeConstraintPosWholeNumber(pBitStrm, (*(pVal)), 0, 100);
        -:   46:    } /*COVERAGE_IGNORE*/
        -:   47:
        -:   48:
        2:   49:    return ret;
        -:   50:}
        -:   51:
        2:   52:flag BUFFER_LENGTH_TYPE_ACN_Decode(BUFFER_LENGTH_TYPE* pVal, BitStream* pBitStrm, int* pErrCode)
        -:   53:{
        2:   54:    flag ret = TRUE;
        2:   55:	*pErrCode = 0;
        -:   56:
        -:   57:
        2:   58:	ret = BitStream_DecodeConstraintPosWholeNumber(pBitStrm, pVal, 0, 100);
       2*:   59:	*pErrCode = ret ? 0 : ERR_ACN_DECODE_BUFFER_LENGTH_TYPE;
        -:   60:
       2*:   61:    return ret && BUFFER_LENGTH_TYPE_IsConstraintValid(pVal, pErrCode);
        -:   62:}
        -:   63:
        -:   64:
        2:   65:flag PayloadData_int_field_Equal(const PayloadData_int_field* pVal1, const PayloadData_int_field* pVal2)
        -:   66:{
        2:   67:	return (*(pVal1)) == (*(pVal2));
        -:   68:
        -:   69:}
        -:   70:
        2:   71:flag PayloadData_buffer_Equal(const PayloadData_buffer* pVal1, const PayloadData_buffer* pVal2)
        -:   72:{
       2*:   73:	return (pVal1->nCount == pVal2->nCount) && (memcmp(pVal1->arr, pVal2->arr, pVal1->nCount) ==0);
        -:   74:
        -:   75:}
        -:   76:
        2:   77:flag PayloadData_Equal(const PayloadData* pVal1, const PayloadData* pVal2)
        -:   78:{
        2:   79:	flag ret=TRUE;
        -:   80:
        2:   81:    ret = PayloadData_int_field_Equal((&(pVal1->int_field)), (&(pVal2->int_field)));
        -:   82:    
        2:   83:    if (ret) {
        2:   84:        ret = PayloadData_buffer_Equal((&(pVal1->buffer)), (&(pVal2->buffer)));
        -:   85:    
        -:   86:    }
        -:   87:
        2:   88:	return ret;
        -:   89:
        -:   90:}
        -:   91:
        6:   92:flag PayloadData_int_field_IsConstraintValid(const PayloadData_int_field* pVal, int* pErrCode)
        -:   93:{
        6:   94:    flag ret = TRUE;
       6*:   95:    ret = ((-2147483648LL <= (*(pVal))) && ((*(pVal)) <= 2147483647LL));
       6*:   96:    *pErrCode = ret ? 0 :  ERR_PAYLOADDATA_INT_FIELD;
        -:   97:
        6:   98:	return ret;
        -:   99:}
        -:  100:
        6:  101:flag PayloadData_buffer_IsConstraintValid(const PayloadData_buffer* pVal, int* pErrCode)
        -:  102:{
        6:  103:    flag ret = TRUE;
        6:  104:    ret = (pVal->nCount <= 100);
       6*:  105:    *pErrCode = ret ? 0 :  ERR_PAYLOADDATA_BUFFER;
        -:  106:
        6:  107:	return ret;
        -:  108:}
        -:  109:
        6:  110:flag PayloadData_IsConstraintValid(const PayloadData* pVal, int* pErrCode)
        -:  111:{
        6:  112:    flag ret = TRUE;
        6:  113:    ret = PayloadData_int_field_IsConstraintValid((&(pVal->int_field)), pErrCode);
        6:  114:    if (ret) {
        6:  115:        ret = PayloadData_buffer_IsConstraintValid((&(pVal->buffer)), pErrCode);
        -:  116:    }   /*COVERAGE_IGNORE*/
        -:  117:
        6:  118:	return ret;
        -:  119:}
        -:  120:
        2:  121:void PayloadData_int_field_Initialize(PayloadData_int_field* pVal)
        -:  122:{
        -:  123:	(void)pVal;
        -:  124:
        -:  125:
        2:  126:	(*(pVal)) = 0LL;
        2:  127:}
        2:  128:void PayloadData_buffer_Initialize(PayloadData_buffer* pVal)
        -:  129:{
        -:  130:	(void)pVal;
        -:  131:
        -:  132:
        2:  133:	memset(pVal->arr, 0x0, 100);
        2:  134:	pVal->nCount = 0;
        -:  135:
        2:  136:}
        2:  137:void PayloadData_Initialize(PayloadData* pVal)
        -:  138:{
        -:  139:	(void)pVal;
        -:  140:
        -:  141:
        -:  142:	/*set int_field */
        2:  143:	PayloadData_int_field_Initialize((&(pVal->int_field)));
        -:  144:	/*set buffer */
        2:  145:	PayloadData_buffer_Initialize((&(pVal->buffer)));
        2:  146:}
        -:  147:
        -:  148:
        2:  149:flag Header_Equal(const Header* pVal1, const Header* pVal2)
        -:  150:{
        -:  151:	(void)pVal1;
        -:  152:	(void)pVal2;
        2:  153:	return TRUE;
        -:  154:
        -:  155:}
        -:  156:
        6:  157:flag Header_IsConstraintValid(const Header* pVal, int* pErrCode)
        -:  158:{
        6:  159:    flag ret = TRUE;
        -:  160:	(void)pVal;
        6:  161:    ret = TRUE;
        6:  162:    *pErrCode = 0;
        -:  163:
        6:  164:	return ret;
        -:  165:}
        -:  166:
        2:  167:void Header_Initialize(Header* pVal)
        -:  168:{
        -:  169:	(void)pVal;
        -:  170:
        -:  171:
        2:  172:}
        -:  173:
    #####:  174:flag Header_ACN_Encode(const Header* pVal, BitStream* pBitStrm, int* pErrCode, flag bCheckConstraints)
        -:  175:{
    #####:  176:    flag ret = TRUE;
        -:  177:	(void)pBitStrm;
        -:  178:
    #####:  179:    *pErrCode = 0;
    #####:  180:	ret = bCheckConstraints ? Header_IsConstraintValid(pVal, pErrCode) : TRUE ;
    #####:  181:	if (ret && *pErrCode == 0) {
        -:  182:    } /*COVERAGE_IGNORE*/
        -:  183:
        -:  184:
    #####:  185:    return ret;
        -:  186:}
        -:  187:
    #####:  188:flag Header_ACN_Decode(Header* pVal, BitStream* pBitStrm, int* pErrCode)
        -:  189:{
    #####:  190:    flag ret = TRUE;
        -:  191:	(void)pBitStrm;
    #####:  192:	*pErrCode = 0;
        -:  193:
        -:  194:
        -:  195:
    #####:  196:    return ret && Header_IsConstraintValid(pVal, pErrCode);
        -:  197:}
        -:  198:
        -:  199:
        2:  200:flag PDU_Equal(const PDU* pVal1, const PDU* pVal2)
        -:  201:{
        2:  202:	flag ret=TRUE;
        -:  203:
        2:  204:    ret = Header_Equal((&(pVal1->hdr)), (&(pVal2->hdr)));
        -:  205:    
        2:  206:    if (ret) {
        2:  207:        ret = PayloadData_Equal((&(pVal1->payload)), (&(pVal2->payload)));
        -:  208:    
        -:  209:    }
        -:  210:
        2:  211:	return ret;
        -:  212:
        -:  213:}
        -:  214:
        6:  215:flag PDU_IsConstraintValid(const PDU* pVal, int* pErrCode)
        -:  216:{
        6:  217:    flag ret = TRUE;
        6:  218:    ret = Header_IsConstraintValid((&(pVal->hdr)), pErrCode);
        6:  219:    if (ret) {
        6:  220:        ret = PayloadData_IsConstraintValid((&(pVal->payload)), pErrCode);
        -:  221:    }   /*COVERAGE_IGNORE*/
        -:  222:
        6:  223:	return ret;
        -:  224:}
        -:  225:
        2:  226:void PDU_Initialize(PDU* pVal)
        -:  227:{
        -:  228:	(void)pVal;
        -:  229:
        -:  230:
        -:  231:	/*set hdr */
        2:  232:	Header_Initialize((&(pVal->hdr)));
        -:  233:	/*set payload */
        2:  234:	PayloadData_Initialize((&(pVal->payload)));
        2:  235:}
        -:  236:
        2:  237:flag PDU_ACN_Encode(const PDU* pVal, BitStream* pBitStrm, int* pErrCode, flag bCheckConstraints)
        -:  238:{
        2:  239:    flag ret = TRUE;
        -:  240:
        -:  241:	asn1SccUint PDU_hdr_buffers_length;
        2:  242:	flag PDU_hdr_buffers_length_is_initialized=FALSE;
        2:  243:    *pErrCode = 0;
       2*:  244:	ret = bCheckConstraints ? PDU_IsConstraintValid(pVal, pErrCode) : TRUE ;
        2:  245:	if (ret && *pErrCode == 0) {
        -:  246:	    /*Encode hdr */
        -:  247:	    /*Encode PDU_hdr_version */
        -:  248:	    {
        -:  249:	    	static byte tmp[] = {0x01};
        2:  250:	    	BitStream_AppendBits(pBitStrm, tmp, 8);
        -:  251:	    }
        2:  252:	    if (ret) {
        2:  253:	        PDU_hdr_buffers_length_is_initialized = TRUE;
        2:  254:	        PDU_hdr_buffers_length = pVal->payload.buffer.nCount;
        2:  255:	        if (ret) {
        -:  256:	            /*Encode PDU_hdr_buffers_length */
        2:  257:	            if (PDU_hdr_buffers_length_is_initialized) {
        2:  258:	                ret = TRUE;
        2:  259:	                Acn_Enc_Int_PositiveInteger_ConstSize_8(pBitStrm, PDU_hdr_buffers_length);
        -:  260:	            } else {
    #####:  261:	                *pErrCode = ERR_ACN_ENCODE_PDU_HDR_BUFFERS_LENGTH_UNINITIALIZED;         /*COVERAGE_IGNORE*/
    #####:  262:	                ret = FALSE;                    /*COVERAGE_IGNORE*/
        -:  263:	            }
        -:  264:	        }   /*COVERAGE_IGNORE*/
        -:  265:	    }   /*COVERAGE_IGNORE*/
        2:  266:	    if (ret) {
        -:  267:	        /*Encode payload */
        -:  268:	        /*Encode int_field */
        2:  269:	        Acn_Enc_Int_TwosComplement_ConstSize_big_endian_32(pBitStrm, pVal->payload.int_field);
        2:  270:	        if (ret) {
        -:  271:	            /*Encode buffer */
        2:  272:	            ret = BitStream_EncodeOctetString_no_length(pBitStrm, pVal->payload.buffer.arr, pVal->payload.buffer.nCount);
        -:  273:	        }   /*COVERAGE_IGNORE*/
        -:  274:	    }   /*COVERAGE_IGNORE*/
        -:  275:    } /*COVERAGE_IGNORE*/
        -:  276:
        -:  277:
        2:  278:    return ret;
        -:  279:}
        -:  280:
        2:  281:flag PDU_ACN_Decode(PDU* pVal, BitStream* pBitStrm, int* pErrCode)
        -:  282:{
        2:  283:    flag ret = TRUE;
        2:  284:	*pErrCode = 0;
        -:  285:
        -:  286:	asn1SccUint PDU_hdr_buffers_length;
        -:  287:
        -:  288:	/*Decode hdr */
        -:  289:	/*Decode PDU_hdr_version */
        -:  290:	{
        -:  291:		static byte tmp[] = {0x01};
        -:  292:	    flag bDecodingPatternMatches;
        2:  293:		ret = BitStream_ReadBitPattern(pBitStrm, tmp, 8, &bDecodingPatternMatches);
       2*:  294:	    ret = ret && bDecodingPatternMatches;
       2*:  295:	    *pErrCode = ret ? 0 : ERR_ACN_DECODE_PDU_HDR_VERSION;
        -:  296:	}
        -:  297:	
        2:  298:	if (ret) {
        -:  299:	    /*Decode PDU_hdr_buffers_length */
        2:  300:	    ret = Acn_Dec_Int_PositiveInteger_ConstSize_8(pBitStrm, (&(PDU_hdr_buffers_length)));
       2*:  301:	    *pErrCode = ret ? 0 : ERR_ACN_DECODE_PDU_HDR_BUFFERS_LENGTH;
        -:  302:	}   /*COVERAGE_IGNORE*/
        2:  303:	if (ret) {
        -:  304:	    /*Decode payload */
        -:  305:	    /*Decode int_field */
        2:  306:	    ret = Acn_Dec_Int_TwosComplement_ConstSize_big_endian_32(pBitStrm, (&(pVal->payload.int_field)));
       2*:  307:	    *pErrCode = ret ? 0 : ERR_ACN_DECODE_PDU_PAYLOAD_INT_FIELD;
        2:  308:	    if (ret) {
        -:  309:	        /*Decode buffer */
        2:  310:	        ret = ((PDU_hdr_buffers_length<=100));
        2:  311:	        if (ret) {
        2:  312:	            pVal->payload.buffer.nCount = (int)PDU_hdr_buffers_length;
        2:  313:	            ret = BitStream_DecodeOctetString_no_length(pBitStrm, pVal->payload.buffer.arr, pVal->payload.buffer.nCount);
       2*:  314:	        	*pErrCode = ret ? 0 : ERR_ACN_DECODE_PDU_PAYLOAD_BUFFER;
        -:  315:	        }
        -:  316:	    }   /*COVERAGE_IGNORE*/
        -:  317:	}   /*COVERAGE_IGNORE*/
        -:  318:
       2*:  319:    return ret && PDU_IsConstraintValid(pVal, pErrCode);
        -:  320:}
        -:  321:
        -:  322:
