        -:    0:Source:a.c
        -:    0:Graph:a.gcno
        -:    0:Data:a.gcda
        -:    0:Runs:2
        -:    1:/*
        -:    2:Code automatically generated by asn1scc tool
        -:    3:*/
        -:    4:#include <limits.h>
        -:    5:#include <string.h>
        -:    6:#include <math.h>
        -:    7:
        -:    8:#include "asn1crt_encoding.h"
        -:    9:#include "asn1crt_encoding_uper.h"
        -:   10:#include "asn1crt_encoding_acn.h"
        -:   11:
        -:   12:#include "a.h"
        -:   13:
        -:   14:
       16:   15:flag RGB_t_r_Equal(const RGB_t_r* pVal1, const RGB_t_r* pVal2)
        -:   16:{
       16:   17:	return (*(pVal1)) == (*(pVal2));
        -:   18:
        -:   19:}
        -:   20:
       16:   21:flag RGB_t_g_Equal(const RGB_t_g* pVal1, const RGB_t_g* pVal2)
        -:   22:{
       16:   23:	return (*(pVal1)) == (*(pVal2));
        -:   24:
        -:   25:}
        -:   26:
       16:   27:flag RGB_t_b_Equal(const RGB_t_b* pVal1, const RGB_t_b* pVal2)
        -:   28:{
       16:   29:	return (*(pVal1)) == (*(pVal2));
        -:   30:
        -:   31:}
        -:   32:
        8:   33:flag RGB_t_opacity_Equal(const RGB_t_opacity* pVal1, const RGB_t_opacity* pVal2)
        -:   34:{
        8:   35:	return (*(pVal1)) == (*(pVal2));
        -:   36:
        -:   37:}
        -:   38:
       16:   39:flag RGB_t_Equal(const RGB_t* pVal1, const RGB_t* pVal2)
        -:   40:{
       16:   41:	flag ret=TRUE;
        -:   42:
       16:   43:    ret = RGB_t_r_Equal((&(pVal1->r)), (&(pVal2->r)));
        -:   44:    
       16:   45:    if (ret) {
       16:   46:        ret = RGB_t_g_Equal((&(pVal1->g)), (&(pVal2->g)));
        -:   47:        
       16:   48:        if (ret) {
       16:   49:            ret = RGB_t_b_Equal((&(pVal1->b)), (&(pVal2->b)));
        -:   50:            
       16:   51:            if (ret) {
       16:   52:                ret = (pVal1->exist.opacity == pVal2->exist.opacity);
       16:   53:                if (ret && pVal1->exist.opacity) {
        8:   54:                	ret = RGB_t_opacity_Equal((&(pVal1->opacity)), (&(pVal2->opacity)));
        -:   55:                }
        -:   56:            
        -:   57:            }
        -:   58:        
        -:   59:        }
        -:   60:    
        -:   61:    }
        -:   62:
       16:   63:	return ret;
        -:   64:
        -:   65:}
        -:   66:
       56:   67:flag RGB_t_r_IsConstraintValid(const RGB_t_r* pVal, int* pErrCode)
        -:   68:{
       56:   69:    flag ret = TRUE;
       56:   70:    ret = ((*(pVal)) <= 255UL);
       56:   71:    *pErrCode = ret ? 0 :  ERR_RGB_T_R;
        -:   72:
       56:   73:	return ret;
        -:   74:}
        -:   75:
       56:   76:flag RGB_t_g_IsConstraintValid(const RGB_t_g* pVal, int* pErrCode)
        -:   77:{
       56:   78:    flag ret = TRUE;
       56:   79:    ret = ((*(pVal)) <= 255UL);
      56*:   80:    *pErrCode = ret ? 0 :  ERR_RGB_T_G;
        -:   81:
       56:   82:	return ret;
        -:   83:}
        -:   84:
       56:   85:flag RGB_t_b_IsConstraintValid(const RGB_t_b* pVal, int* pErrCode)
        -:   86:{
       56:   87:    flag ret = TRUE;
       56:   88:    ret = ((*(pVal)) <= 255UL);
      56*:   89:    *pErrCode = ret ? 0 :  ERR_RGB_T_B;
        -:   90:
       56:   91:	return ret;
        -:   92:}
        -:   93:
       28:   94:flag RGB_t_opacity_IsConstraintValid(const RGB_t_opacity* pVal, int* pErrCode)
        -:   95:{
       28:   96:    flag ret = TRUE;
       28:   97:    ret = ((*(pVal)) <= 255UL);
      28*:   98:    *pErrCode = ret ? 0 :  ERR_RGB_T_OPACITY;
        -:   99:
       28:  100:	return ret;
        -:  101:}
        -:  102:
       56:  103:flag RGB_t_IsConstraintValid(const RGB_t* pVal, int* pErrCode)
        -:  104:{
       56:  105:    flag ret = TRUE;
       56:  106:    ret = RGB_t_r_IsConstraintValid((&(pVal->r)), pErrCode);
       56:  107:    if (ret) {
       56:  108:        ret = RGB_t_g_IsConstraintValid((&(pVal->g)), pErrCode);
       56:  109:        if (ret) {
       56:  110:            ret = RGB_t_b_IsConstraintValid((&(pVal->b)), pErrCode);
       56:  111:            if (ret) {
       56:  112:                if (pVal->exist.opacity) {
       28:  113:                	ret = RGB_t_opacity_IsConstraintValid((&(pVal->opacity)), pErrCode);
        -:  114:                }
        -:  115:            }   /*COVERAGE_IGNORE*/
        -:  116:        }   /*COVERAGE_IGNORE*/
        -:  117:    }   /*COVERAGE_IGNORE*/
        -:  118:
       56:  119:	return ret;
        -:  120:}
        -:  121:
       24:  122:void RGB_t_r_Initialize(RGB_t_r* pVal)
        -:  123:{
        -:  124:	(void)pVal;
        -:  125:
        -:  126:
       24:  127:	(*(pVal)) = 0UL;
       24:  128:}
       24:  129:void RGB_t_g_Initialize(RGB_t_g* pVal)
        -:  130:{
        -:  131:	(void)pVal;
        -:  132:
        -:  133:
       24:  134:	(*(pVal)) = 0UL;
       24:  135:}
       24:  136:void RGB_t_b_Initialize(RGB_t_b* pVal)
        -:  137:{
        -:  138:	(void)pVal;
        -:  139:
        -:  140:
       24:  141:	(*(pVal)) = 0UL;
       24:  142:}
       24:  143:void RGB_t_opacity_Initialize(RGB_t_opacity* pVal)
        -:  144:{
        -:  145:	(void)pVal;
        -:  146:
        -:  147:
       24:  148:	(*(pVal)) = 0UL;
       24:  149:}
       16:  150:void RGB_t_Initialize(RGB_t* pVal)
        -:  151:{
        -:  152:	(void)pVal;
        -:  153:
        -:  154:
        -:  155:	/*set r */
       16:  156:	RGB_t_r_Initialize((&(pVal->r)));
        -:  157:	/*set g */
       16:  158:	RGB_t_g_Initialize((&(pVal->g)));
        -:  159:	/*set b */
       16:  160:	RGB_t_b_Initialize((&(pVal->b)));
        -:  161:	/*set opacity */
       16:  162:	pVal->exist.opacity = 1;
       16:  163:	RGB_t_opacity_Initialize((&(pVal->opacity)));
       16:  164:}
        -:  165:
       16:  166:flag RGB_t_ACN_Encode(const RGB_t* pVal, BitStream* pBitStrm, int* pErrCode, flag bCheckConstraints)
        -:  167:{
       16:  168:    flag ret = TRUE;
        -:  169:
       16:  170:    *pErrCode = 0;
      16*:  171:	ret = bCheckConstraints ? RGB_t_IsConstraintValid(pVal, pErrCode) : TRUE ;
       16:  172:	if (ret && *pErrCode == 0) {
       16:  173:	    BitStream_AppendBit(pBitStrm,pVal->exist.opacity);
       16:  174:	    if (ret) {
        -:  175:	        /*Encode r */
       16:  176:	        BitStream_EncodeConstraintPosWholeNumber(pBitStrm, pVal->r, 0, 255);
       16:  177:	        if (ret) {
        -:  178:	            /*Encode g */
       16:  179:	            BitStream_EncodeConstraintPosWholeNumber(pBitStrm, pVal->g, 0, 255);
       16:  180:	            if (ret) {
        -:  181:	                /*Encode b */
       16:  182:	                BitStream_EncodeConstraintPosWholeNumber(pBitStrm, pVal->b, 0, 255);
       16:  183:	                if (ret) {
        -:  184:	                    /*Encode opacity */
       16:  185:	                    if (pVal->exist.opacity) {
        8:  186:	                    	BitStream_EncodeConstraintPosWholeNumber(pBitStrm, pVal->opacity, 0, 255);
        -:  187:	                    }
        -:  188:	                }   /*COVERAGE_IGNORE*/
        -:  189:	            }   /*COVERAGE_IGNORE*/
        -:  190:	        }   /*COVERAGE_IGNORE*/
        -:  191:	    }   /*COVERAGE_IGNORE*/
        -:  192:    } /*COVERAGE_IGNORE*/
        -:  193:
        -:  194:
       16:  195:    return ret;
        -:  196:}
        -:  197:
       16:  198:flag RGB_t_ACN_Decode(RGB_t* pVal, BitStream* pBitStrm, int* pErrCode)
        -:  199:{
       16:  200:    flag ret = TRUE;
       16:  201:	*pErrCode = 0;
        -:  202:
        -:  203:	flag opacity_exist;
        -:  204:
       16:  205:	ret = BitStream_ReadBit(pBitStrm, &opacity_exist);
       16:  206:	pVal->exist.opacity = opacity_exist == 0 ? 0 : 1;
      16*:  207:	*pErrCode = ret ? 0 : ERR_ACN_DECODE_RGB_T;
       16:  208:	if (ret) {
        -:  209:	    /*Decode r */
       16:  210:	    ret = BitStream_DecodeConstraintPosWholeNumber(pBitStrm, (&(pVal->r)), 0, 255);
      16*:  211:	    *pErrCode = ret ? 0 : ERR_ACN_DECODE_RGB_T_R;
       16:  212:	    if (ret) {
        -:  213:	        /*Decode g */
       16:  214:	        ret = BitStream_DecodeConstraintPosWholeNumber(pBitStrm, (&(pVal->g)), 0, 255);
      16*:  215:	        *pErrCode = ret ? 0 : ERR_ACN_DECODE_RGB_T_G;
       16:  216:	        if (ret) {
        -:  217:	            /*Decode b */
       16:  218:	            ret = BitStream_DecodeConstraintPosWholeNumber(pBitStrm, (&(pVal->b)), 0, 255);
      16*:  219:	            *pErrCode = ret ? 0 : ERR_ACN_DECODE_RGB_T_B;
       16:  220:	            if (ret) {
        -:  221:	                /*Decode opacity */
       16:  222:	                if (pVal->exist.opacity) {
        8:  223:	                	ret = BitStream_DecodeConstraintPosWholeNumber(pBitStrm, (&(pVal->opacity)), 0, 255);
       8*:  224:	                	*pErrCode = ret ? 0 : ERR_ACN_DECODE_RGB_T_OPACITY;
        -:  225:	                }
        -:  226:	            }   /*COVERAGE_IGNORE*/
        -:  227:	        }   /*COVERAGE_IGNORE*/
        -:  228:	    }   /*COVERAGE_IGNORE*/
        -:  229:	}   /*COVERAGE_IGNORE*/
        -:  230:
      16*:  231:    return ret && RGB_t_IsConstraintValid(pVal, pErrCode);
        -:  232:}
        -:  233:
        -:  234:
        8:  235:flag PDU_Equal(const PDU* pVal1, const PDU* pVal2)
        -:  236:{
        8:  237:	flag ret=TRUE;
        -:  238:
        8:  239:    ret = RGB_t_Equal((&(pVal1->rgb)), (&(pVal2->rgb)));
        -:  240:
        8:  241:	return ret;
        -:  242:
        -:  243:}
        -:  244:
       24:  245:flag PDU_IsConstraintValid(const PDU* pVal, int* pErrCode)
        -:  246:{
       24:  247:    flag ret = TRUE;
       24:  248:    ret = RGB_t_IsConstraintValid((&(pVal->rgb)), pErrCode);
        -:  249:
       24:  250:	return ret;
        -:  251:}
        -:  252:
        8:  253:void PDU_Initialize(PDU* pVal)
        -:  254:{
        -:  255:	(void)pVal;
        -:  256:
        -:  257:
        -:  258:	/*set rgb */
        8:  259:	RGB_t_Initialize((&(pVal->rgb)));
        8:  260:}
        -:  261:
        8:  262:flag PDU_ACN_Encode(const PDU* pVal, BitStream* pBitStrm, int* pErrCode, flag bCheckConstraints)
        -:  263:{
        8:  264:    flag ret = TRUE;
        -:  265:
        8:  266:    *pErrCode = 0;
       8*:  267:	ret = bCheckConstraints ? PDU_IsConstraintValid(pVal, pErrCode) : TRUE ;
        8:  268:	if (ret && *pErrCode == 0) {
        -:  269:	    /*Encode rgb */
        -:  270:	    /*open new scope to declare some variables*/
        -:  271:	    {
        -:  272:	    	/*encode to a temporary bitstream*/
        -:  273:	    	static byte arr[RGB_t_REQUIRED_BYTES_FOR_ACN_ENCODING];
        -:  274:	    	BitStream bitStrm;
        8:  275:	    	BitStream_Init(&bitStrm, arr, sizeof(arr));
        -:  276:
        8:  277:	    	ret = RGB_t_ACN_Encode((&(pVal->rgb)), &bitStrm, pErrCode, FALSE);
        8:  278:	    	if (ret) {
       8*:  279:	    		int nCount = bitStrm.currentBit == 0 ? bitStrm.currentByte : (bitStrm.currentByte + 1);
        8:  280:	    		BitStream_EncodeConstraintWholeNumber(pBitStrm, nCount, 4, 5);
        8:  281:	    		ret = BitStream_EncodeOctetString_no_length(pBitStrm, arr, nCount);
        -:  282:
        -:  283:	    	}
        -:  284:	    }
        -:  285:    } /*COVERAGE_IGNORE*/
        -:  286:
        -:  287:
        8:  288:    return ret;
        -:  289:}
        -:  290:
        8:  291:flag PDU_ACN_Decode(PDU* pVal, BitStream* pBitStrm, int* pErrCode)
        -:  292:{
        8:  293:    flag ret = TRUE;
        8:  294:	*pErrCode = 0;
        -:  295:
        -:  296:
        -:  297:	/*Decode rgb */
        -:  298:	/*open new scope to declare some variables*/
        -:  299:	{
        -:  300:		/*decode to a temporary bitstream*/
        -:  301:		static byte arr[RGB_t_REQUIRED_BYTES_FOR_ACN_ENCODING];
        -:  302:		BitStream bitStrm;
        8:  303:		BitStream_Init(&bitStrm, arr, sizeof(arr));
        -:  304:
        -:  305:		asn1SccSint nCount;
        8:  306:		ret = BitStream_DecodeConstraintWholeNumber(pBitStrm, &nCount, 4, 5);
        8:  307:		if (ret) {
        8:  308:			ret = BitStream_DecodeOctetString_no_length(pBitStrm, arr, (int)nCount);
        -:  309:		}
        -:  310:
        8:  311:		if (ret) {
        8:  312:			ret = RGB_t_ACN_Decode((&(pVal->rgb)), &bitStrm, pErrCode);
        -:  313:		}
        -:  314:	}
        -:  315:
       8*:  316:    return ret && PDU_IsConstraintValid(pVal, pErrCode);
        -:  317:}
        -:  318:
        -:  319:
