        -:    0:Source:a.c
        -:    0:Graph:a.gcno
        -:    0:Data:a.gcda
        -:    0:Runs:4
        -:    1:/*
        -:    2:Code automatically generated by asn1scc tool
        -:    3:*/
        -:    4:#include <limits.h>
        -:    5:#include <string.h>
        -:    6:#include <math.h>
        -:    7:
        -:    8:#include "asn1crt_encoding.h"
        -:    9:#include "asn1crt_encoding_uper.h"
        -:   10:#include "asn1crt_encoding_acn.h"
        -:   11:
        -:   12:#include "a.h"
        -:   13:
        -:   14:
        8:   15:flag BUFFER_LENGTH_TYPE_Equal(const BUFFER_LENGTH_TYPE* pVal1, const BUFFER_LENGTH_TYPE* pVal2)
        -:   16:{
        8:   17:	return (*(pVal1)) == (*(pVal2));
        -:   18:
        -:   19:}
        -:   20:
       24:   21:flag BUFFER_LENGTH_TYPE_IsConstraintValid(const BUFFER_LENGTH_TYPE* pVal, int* pErrCode)
        -:   22:{
       24:   23:    flag ret = TRUE;
       24:   24:    ret = ((*(pVal)) <= 100UL);
       24:   25:    *pErrCode = ret ? 0 :  ERR_BUFFER_LENGTH_TYPE;
        -:   26:
       24:   27:	return ret;
        -:   28:}
        -:   29:
        8:   30:void BUFFER_LENGTH_TYPE_Initialize(BUFFER_LENGTH_TYPE* pVal)
        -:   31:{
        -:   32:	(void)pVal;
        -:   33:
        -:   34:
        8:   35:	(*(pVal)) = 0UL;
        8:   36:}
        -:   37:
        8:   38:flag BUFFER_LENGTH_TYPE_ACN_Encode(const BUFFER_LENGTH_TYPE* pVal, BitStream* pBitStrm, int* pErrCode, flag bCheckConstraints)
        -:   39:{
        8:   40:    flag ret = TRUE;
        -:   41:
        8:   42:    *pErrCode = 0;
       8*:   43:	ret = bCheckConstraints ? BUFFER_LENGTH_TYPE_IsConstraintValid(pVal, pErrCode) : TRUE ;
        8:   44:	if (ret && *pErrCode == 0) {
        8:   45:	    BitStream_EncodeConstraintPosWholeNumber(pBitStrm, (*(pVal)), 0, 100);
        -:   46:    } /*COVERAGE_IGNORE*/
        -:   47:
        -:   48:
        8:   49:    return ret;
        -:   50:}
        -:   51:
        8:   52:flag BUFFER_LENGTH_TYPE_ACN_Decode(BUFFER_LENGTH_TYPE* pVal, BitStream* pBitStrm, int* pErrCode)
        -:   53:{
        8:   54:    flag ret = TRUE;
        8:   55:	*pErrCode = 0;
        -:   56:
        -:   57:
        8:   58:	ret = BitStream_DecodeConstraintPosWholeNumber(pBitStrm, pVal, 0, 100);
       8*:   59:	*pErrCode = ret ? 0 : ERR_ACN_DECODE_BUFFER_LENGTH_TYPE;
        -:   60:
       8*:   61:    return ret && BUFFER_LENGTH_TYPE_IsConstraintValid(pVal, pErrCode);
        -:   62:}
        -:   63:
        -:   64:
        8:   65:flag PayloadData1_int_field_Equal(const PayloadData1_int_field* pVal1, const PayloadData1_int_field* pVal2)
        -:   66:{
        8:   67:	return (*(pVal1)) == (*(pVal2));
        -:   68:
        -:   69:}
        -:   70:
        8:   71:flag PayloadData1_buffer_Equal(const PayloadData1_buffer* pVal1, const PayloadData1_buffer* pVal2)
        -:   72:{
       8*:   73:	return (pVal1->nCount == pVal2->nCount) && (memcmp(pVal1->arr, pVal2->arr, pVal1->nCount) ==0);
        -:   74:
        -:   75:}
        -:   76:
        8:   77:flag PayloadData1_Equal(const PayloadData1* pVal1, const PayloadData1* pVal2)
        -:   78:{
        8:   79:	flag ret=TRUE;
        -:   80:
        8:   81:    ret = PayloadData1_int_field_Equal((&(pVal1->int_field)), (&(pVal2->int_field)));
        -:   82:    
        8:   83:    if (ret) {
        8:   84:        ret = PayloadData1_buffer_Equal((&(pVal1->buffer)), (&(pVal2->buffer)));
        -:   85:    
        -:   86:    }
        -:   87:
        8:   88:	return ret;
        -:   89:
        -:   90:}
        -:   91:
       24:   92:flag PayloadData1_int_field_IsConstraintValid(const PayloadData1_int_field* pVal, int* pErrCode)
        -:   93:{
       24:   94:    flag ret = TRUE;
      24*:   95:    ret = ((-2147483648LL <= (*(pVal))) && ((*(pVal)) <= 2147483647LL));
      24*:   96:    *pErrCode = ret ? 0 :  ERR_PAYLOADDATA1_INT_FIELD;
        -:   97:
       24:   98:	return ret;
        -:   99:}
        -:  100:
       24:  101:flag PayloadData1_buffer_IsConstraintValid(const PayloadData1_buffer* pVal, int* pErrCode)
        -:  102:{
       24:  103:    flag ret = TRUE;
       24:  104:    ret = (pVal->nCount <= 100);
      24*:  105:    *pErrCode = ret ? 0 :  ERR_PAYLOADDATA1_BUFFER;
        -:  106:
       24:  107:	return ret;
        -:  108:}
        -:  109:
       24:  110:flag PayloadData1_IsConstraintValid(const PayloadData1* pVal, int* pErrCode)
        -:  111:{
       24:  112:    flag ret = TRUE;
       24:  113:    ret = PayloadData1_int_field_IsConstraintValid((&(pVal->int_field)), pErrCode);
       24:  114:    if (ret) {
       24:  115:        ret = PayloadData1_buffer_IsConstraintValid((&(pVal->buffer)), pErrCode);
        -:  116:    }   /*COVERAGE_IGNORE*/
        -:  117:
       24:  118:	return ret;
        -:  119:}
        -:  120:
       16:  121:void PayloadData1_int_field_Initialize(PayloadData1_int_field* pVal)
        -:  122:{
        -:  123:	(void)pVal;
        -:  124:
        -:  125:
       16:  126:	(*(pVal)) = 0LL;
       16:  127:}
       16:  128:void PayloadData1_buffer_Initialize(PayloadData1_buffer* pVal)
        -:  129:{
        -:  130:	(void)pVal;
        -:  131:
        -:  132:
       16:  133:	memset(pVal->arr, 0x0, 100);
       16:  134:	pVal->nCount = 0;
        -:  135:
       16:  136:}
       16:  137:void PayloadData1_Initialize(PayloadData1* pVal)
        -:  138:{
        -:  139:	(void)pVal;
        -:  140:
        -:  141:
        -:  142:	/*set int_field */
       16:  143:	PayloadData1_int_field_Initialize((&(pVal->int_field)));
        -:  144:	/*set buffer */
       16:  145:	PayloadData1_buffer_Initialize((&(pVal->buffer)));
       16:  146:}
        -:  147:
        -:  148:
        8:  149:flag PayloadData2_int_field_Equal(const PayloadData2_int_field* pVal1, const PayloadData2_int_field* pVal2)
        -:  150:{
        8:  151:	return (*(pVal1)) == (*(pVal2));
        -:  152:
        -:  153:}
        -:  154:
        8:  155:flag PayloadData2_buffer_Equal(const PayloadData2_buffer* pVal1, const PayloadData2_buffer* pVal2)
        -:  156:{
       8*:  157:	return (pVal1->nCount == pVal2->nCount) && (memcmp(pVal1->arr, pVal2->arr, pVal1->nCount) ==0);
        -:  158:
        -:  159:}
        -:  160:
        8:  161:flag PayloadData2_Equal(const PayloadData2* pVal1, const PayloadData2* pVal2)
        -:  162:{
        8:  163:	flag ret=TRUE;
        -:  164:
        8:  165:    ret = PayloadData2_int_field_Equal((&(pVal1->int_field)), (&(pVal2->int_field)));
        -:  166:    
        8:  167:    if (ret) {
        8:  168:        ret = PayloadData2_buffer_Equal((&(pVal1->buffer)), (&(pVal2->buffer)));
        -:  169:    
        -:  170:    }
        -:  171:
        8:  172:	return ret;
        -:  173:
        -:  174:}
        -:  175:
       24:  176:flag PayloadData2_int_field_IsConstraintValid(const PayloadData2_int_field* pVal, int* pErrCode)
        -:  177:{
       24:  178:    flag ret = TRUE;
      24*:  179:    ret = ((-2147483648LL <= (*(pVal))) && ((*(pVal)) <= 2147483647LL));
      24*:  180:    *pErrCode = ret ? 0 :  ERR_PAYLOADDATA2_INT_FIELD;
        -:  181:
       24:  182:	return ret;
        -:  183:}
        -:  184:
       24:  185:flag PayloadData2_buffer_IsConstraintValid(const PayloadData2_buffer* pVal, int* pErrCode)
        -:  186:{
       24:  187:    flag ret = TRUE;
       24:  188:    ret = (pVal->nCount <= 100);
      24*:  189:    *pErrCode = ret ? 0 :  ERR_PAYLOADDATA2_BUFFER;
        -:  190:
       24:  191:	return ret;
        -:  192:}
        -:  193:
       24:  194:flag PayloadData2_IsConstraintValid(const PayloadData2* pVal, int* pErrCode)
        -:  195:{
       24:  196:    flag ret = TRUE;
       24:  197:    ret = PayloadData2_int_field_IsConstraintValid((&(pVal->int_field)), pErrCode);
       24:  198:    if (ret) {
       24:  199:        ret = PayloadData2_buffer_IsConstraintValid((&(pVal->buffer)), pErrCode);
        -:  200:    }   /*COVERAGE_IGNORE*/
        -:  201:
       24:  202:	return ret;
        -:  203:}
        -:  204:
    #####:  205:void PayloadData2_int_field_Initialize(PayloadData2_int_field* pVal)
        -:  206:{
        -:  207:	(void)pVal;
        -:  208:
        -:  209:
    #####:  210:	(*(pVal)) = 0LL;
    #####:  211:}
    #####:  212:void PayloadData2_buffer_Initialize(PayloadData2_buffer* pVal)
        -:  213:{
        -:  214:	(void)pVal;
        -:  215:
        -:  216:
    #####:  217:	memset(pVal->arr, 0x0, 100);
    #####:  218:	pVal->nCount = 0;
        -:  219:
    #####:  220:}
    #####:  221:void PayloadData2_Initialize(PayloadData2* pVal)
        -:  222:{
        -:  223:	(void)pVal;
        -:  224:
        -:  225:
        -:  226:	/*set int_field */
    #####:  227:	PayloadData2_int_field_Initialize((&(pVal->int_field)));
        -:  228:	/*set buffer */
    #####:  229:	PayloadData2_buffer_Initialize((&(pVal->buffer)));
    #####:  230:}
        -:  231:
        -:  232:
       16:  233:flag Payload_t_Equal(const Payload_t* pVal1, const Payload_t* pVal2)
        -:  234:{
       16:  235:	flag ret=TRUE;
        -:  236:
       16:  237:    ret = (pVal1->kind == pVal2->kind);
       16:  238:    if (ret) {
       16:  239:    	switch(pVal1->kind)
        -:  240:    	{
        8:  241:    	case case1_PRESENT:
        8:  242:    		ret = PayloadData1_Equal((&(pVal1->u.case1)), (&(pVal2->u.case1)));
        8:  243:    		break;
        8:  244:    	case case2_PRESENT:
        8:  245:    		ret = PayloadData2_Equal((&(pVal1->u.case2)), (&(pVal2->u.case2)));
        8:  246:    		break;
    #####:  247:    	default: /*COVERAGE_IGNORE*/
    #####:  248:    		ret = FALSE;    /*COVERAGE_IGNORE*/
        -:  249:    	}
        -:  250:    } /*COVERAGE_IGNORE*/
       16:  251:	return ret;
        -:  252:
        -:  253:}
        -:  254:
       48:  255:flag Payload_t_IsConstraintValid(const Payload_t* pVal, int* pErrCode)
        -:  256:{
       48:  257:    flag ret = TRUE;
       48:  258:    switch (pVal->kind) {
       24:  259:        case case1_PRESENT : 
       24:  260:            ret = PayloadData1_IsConstraintValid((&(pVal->u.case1)), pErrCode);
       24:  261:            break;          
       24:  262:        case case2_PRESENT : 
       24:  263:            ret = PayloadData2_IsConstraintValid((&(pVal->u.case2)), pErrCode);
       24:  264:            break;          
    #####:  265:        default: /*COVERAGE_IGNORE*/
    #####:  266:    	    *pErrCode = ERR_PAYLOAD_T;      /*COVERAGE_IGNORE*/
    #####:  267:    	    ret = FALSE;                               /*COVERAGE_IGNORE*/
        -:  268:    }
        -:  269:
       48:  270:	return ret;
        -:  271:}
        -:  272:
       16:  273:void Payload_t_Initialize(Payload_t* pVal)
        -:  274:{
        -:  275:	(void)pVal;
        -:  276:
        -:  277:
       16:  278:	pVal->kind = case1_PRESENT;
       16:  279:	PayloadData1_Initialize((&(pVal->u.case1)));
       16:  280:}
        -:  281:
        -:  282:
       16:  283:flag Header_Equal(const Header* pVal1, const Header* pVal2)
        -:  284:{
        -:  285:	(void)pVal1;
        -:  286:	(void)pVal2;
       16:  287:	return TRUE;
        -:  288:
        -:  289:}
        -:  290:
       48:  291:flag Header_IsConstraintValid(const Header* pVal, int* pErrCode)
        -:  292:{
       48:  293:    flag ret = TRUE;
        -:  294:	(void)pVal;
       48:  295:    ret = TRUE;
       48:  296:    *pErrCode = 0;
        -:  297:
       48:  298:	return ret;
        -:  299:}
        -:  300:
       16:  301:void Header_Initialize(Header* pVal)
        -:  302:{
        -:  303:	(void)pVal;
        -:  304:
        -:  305:
       16:  306:}
        -:  307:
    #####:  308:flag Header_ACN_Encode(const Header* pVal, BitStream* pBitStrm, int* pErrCode, flag bCheckConstraints)
        -:  309:{
    #####:  310:    flag ret = TRUE;
        -:  311:	(void)pBitStrm;
        -:  312:
    #####:  313:    *pErrCode = 0;
    #####:  314:	ret = bCheckConstraints ? Header_IsConstraintValid(pVal, pErrCode) : TRUE ;
    #####:  315:	if (ret && *pErrCode == 0) {
        -:  316:    } /*COVERAGE_IGNORE*/
        -:  317:
        -:  318:
    #####:  319:    return ret;
        -:  320:}
        -:  321:
    #####:  322:flag Header_ACN_Decode(Header* pVal, BitStream* pBitStrm, int* pErrCode)
        -:  323:{
    #####:  324:    flag ret = TRUE;
        -:  325:	(void)pBitStrm;
    #####:  326:	*pErrCode = 0;
        -:  327:
        -:  328:
        -:  329:
    #####:  330:    return ret && Header_IsConstraintValid(pVal, pErrCode);
        -:  331:}
        -:  332:
        -:  333:
       16:  334:flag PDU_Equal(const PDU* pVal1, const PDU* pVal2)
        -:  335:{
       16:  336:	flag ret=TRUE;
        -:  337:
       16:  338:    ret = Header_Equal((&(pVal1->hdr)), (&(pVal2->hdr)));
        -:  339:    
       16:  340:    if (ret) {
       16:  341:        ret = Payload_t_Equal((&(pVal1->payload)), (&(pVal2->payload)));
        -:  342:    
        -:  343:    }
        -:  344:
       16:  345:	return ret;
        -:  346:
        -:  347:}
        -:  348:
       48:  349:flag PDU_IsConstraintValid(const PDU* pVal, int* pErrCode)
        -:  350:{
       48:  351:    flag ret = TRUE;
       48:  352:    ret = Header_IsConstraintValid((&(pVal->hdr)), pErrCode);
       48:  353:    if (ret) {
       48:  354:        ret = Payload_t_IsConstraintValid((&(pVal->payload)), pErrCode);
        -:  355:    }   /*COVERAGE_IGNORE*/
        -:  356:
       48:  357:	return ret;
        -:  358:}
        -:  359:
       16:  360:void PDU_Initialize(PDU* pVal)
        -:  361:{
        -:  362:	(void)pVal;
        -:  363:
        -:  364:
        -:  365:	/*set hdr */
       16:  366:	Header_Initialize((&(pVal->hdr)));
        -:  367:	/*set payload */
       16:  368:	Payload_t_Initialize((&(pVal->payload)));
       16:  369:}
        -:  370:
       16:  371:flag PDU_ACN_Encode(const PDU* pVal, BitStream* pBitStrm, int* pErrCode, flag bCheckConstraints)
        -:  372:{
       16:  373:    flag ret = TRUE;
        -:  374:
        -:  375:	asn1SccUint PDU_hdr_buffers_length;
       16:  376:	flag PDU_hdr_buffers_length_is_initialized=FALSE;
       16:  377:    *pErrCode = 0;
      16*:  378:	ret = bCheckConstraints ? PDU_IsConstraintValid(pVal, pErrCode) : TRUE ;
       16:  379:	if (ret && *pErrCode == 0) {
        -:  380:	    /*Encode hdr */
        -:  381:	    /*Encode PDU_hdr_version */
        -:  382:	    {
        -:  383:	    	static byte tmp[] = {0x01};
       16:  384:	    	BitStream_AppendBits(pBitStrm, tmp, 8);
        -:  385:	    }
       16:  386:	    if (ret) {
        -:  387:	        {
        -:  388:	            asn1SccUint PDU_payload_buffer_len00;
       16:  389:	            flag PDU_payload_buffer_len00_is_initialized=FALSE;
        -:  390:	            asn1SccUint PDU_payload_buffer_len01;
       16:  391:	            flag PDU_payload_buffer_len01_is_initialized=FALSE;
        -:  392:
       16:  393:	            if (pVal->payload.kind == case2_PRESENT) {
        8:  394:	                PDU_payload_buffer_len00_is_initialized = TRUE;
        8:  395:	                PDU_payload_buffer_len00 = pVal->payload.u.case2.buffer.nCount;
        -:  396:	            }
       16:  397:	            if (pVal->payload.kind == case1_PRESENT) {
        8:  398:	                PDU_payload_buffer_len01_is_initialized = TRUE;
        8:  399:	                PDU_payload_buffer_len01 = pVal->payload.u.case1.buffer.nCount;
        -:  400:	            }
        -:  401:
       16:  402:	            if (ret) {
        -:  403:
       16:  404:	                *pErrCode = ERR_ACN_ENCODE_UPDATE_PDU_PAYLOAD_BUFFER_LEN;
       16:  405:	                if (PDU_payload_buffer_len00_is_initialized) { /*COVERAGE_IGNORE*/
        8:  406:	                    PDU_hdr_buffers_length = PDU_payload_buffer_len00; /*COVERAGE_IGNORE*/
        8:  407:	                } /*COVERAGE_IGNORE*/ else if (PDU_payload_buffer_len01_is_initialized) { /*COVERAGE_IGNORE*/
        8:  408:	                    PDU_hdr_buffers_length = PDU_payload_buffer_len01; /*COVERAGE_IGNORE*/
        -:  409:	                } /*COVERAGE_IGNORE*/ else {
    #####:  410:	                    ret = FALSE; /*COVERAGE_IGNORE*/
        -:  411:	                }
       16:  412:	                if (ret) {
      16*:  413:	                    ret = (((PDU_payload_buffer_len00_is_initialized && PDU_hdr_buffers_length == PDU_payload_buffer_len00) || !PDU_payload_buffer_len00_is_initialized) && ((PDU_payload_buffer_len01_is_initialized && PDU_hdr_buffers_length == PDU_payload_buffer_len01) || !PDU_payload_buffer_len01_is_initialized));
       16:  414:	                    PDU_hdr_buffers_length_is_initialized = TRUE;
        -:  415:	                }
        -:  416:	            }
        -:  417:	        }
       16:  418:	        if (ret) {
        -:  419:	            /*Encode PDU_hdr_buffers_length */
       16:  420:	            if (PDU_hdr_buffers_length_is_initialized) {
       16:  421:	                ret = TRUE;
       16:  422:	                Acn_Enc_Int_PositiveInteger_ConstSize_8(pBitStrm, PDU_hdr_buffers_length);
        -:  423:	            } else {
    #####:  424:	                *pErrCode = ERR_ACN_ENCODE_PDU_HDR_BUFFERS_LENGTH_UNINITIALIZED;         /*COVERAGE_IGNORE*/
    #####:  425:	                ret = FALSE;                    /*COVERAGE_IGNORE*/
        -:  426:	            }
        -:  427:	        }   /*COVERAGE_IGNORE*/
        -:  428:	    }   /*COVERAGE_IGNORE*/
       16:  429:	    if (ret) {
        -:  430:	        /*Encode payload */
       16:  431:	        switch(pVal->payload.kind)
        -:  432:	        {
        8:  433:	        case case1_PRESENT:
        8:  434:	        	BitStream_EncodeConstraintWholeNumber(pBitStrm, 0, 0, 1);
        -:  435:	        	/*Encode int_field */
        8:  436:	        	Acn_Enc_Int_TwosComplement_ConstSize_big_endian_32(pBitStrm, pVal->payload.u.case1.int_field);
        8:  437:	        	if (ret) {
        -:  438:	        	    /*Encode buffer */
        8:  439:	        	    ret = BitStream_EncodeOctetString_no_length(pBitStrm, pVal->payload.u.case1.buffer.arr, pVal->payload.u.case1.buffer.nCount);
        -:  440:	        	}   /*COVERAGE_IGNORE*/
        8:  441:	        	break;
        8:  442:	        case case2_PRESENT:
        8:  443:	        	BitStream_EncodeConstraintWholeNumber(pBitStrm, 1, 0, 1);
        -:  444:	        	/*Encode int_field */
        8:  445:	        	Acn_Enc_Int_TwosComplement_ConstSize_big_endian_32(pBitStrm, pVal->payload.u.case2.int_field);
        8:  446:	        	if (ret) {
        -:  447:	        	    /*Encode buffer */
        8:  448:	        	    ret = BitStream_EncodeOctetString_no_length(pBitStrm, pVal->payload.u.case2.buffer.arr, pVal->payload.u.case2.buffer.nCount);
        -:  449:	        	}   /*COVERAGE_IGNORE*/
        8:  450:	        	break;
    #####:  451:	        default: /*COVERAGE_IGNORE*/
    #####:  452:	            *pErrCode = ERR_ACN_ENCODE_PDU_PAYLOAD;         /*COVERAGE_IGNORE*/
    #####:  453:	            ret = FALSE;                    /*COVERAGE_IGNORE*/
        -:  454:	        } /*COVERAGE_IGNORE*/
        -:  455:	    }   /*COVERAGE_IGNORE*/
        -:  456:    } /*COVERAGE_IGNORE*/
        -:  457:
        -:  458:
       16:  459:    return ret;
        -:  460:}
        -:  461:
       16:  462:flag PDU_ACN_Decode(PDU* pVal, BitStream* pBitStrm, int* pErrCode)
        -:  463:{
       16:  464:    flag ret = TRUE;
       16:  465:	*pErrCode = 0;
        -:  466:
        -:  467:	asn1SccUint PDU_hdr_buffers_length;
        -:  468:	asn1SccSint MyModule_PDU_payload_index_tmp;
        -:  469:
        -:  470:	/*Decode hdr */
        -:  471:	/*Decode PDU_hdr_version */
        -:  472:	{
        -:  473:		static byte tmp[] = {0x01};
        -:  474:	    flag bDecodingPatternMatches;
       16:  475:		ret = BitStream_ReadBitPattern(pBitStrm, tmp, 8, &bDecodingPatternMatches);
      16*:  476:	    ret = ret && bDecodingPatternMatches;
      16*:  477:	    *pErrCode = ret ? 0 : ERR_ACN_DECODE_PDU_HDR_VERSION;
        -:  478:	}
        -:  479:	
       16:  480:	if (ret) {
        -:  481:	    /*Decode PDU_hdr_buffers_length */
       16:  482:	    ret = Acn_Dec_Int_PositiveInteger_ConstSize_8(pBitStrm, (&(PDU_hdr_buffers_length)));
      16*:  483:	    *pErrCode = ret ? 0 : ERR_ACN_DECODE_PDU_HDR_BUFFERS_LENGTH;
        -:  484:	}   /*COVERAGE_IGNORE*/
       16:  485:	if (ret) {
        -:  486:	    /*Decode payload */
       16:  487:	    ret = BitStream_DecodeConstraintWholeNumber(pBitStrm, &MyModule_PDU_payload_index_tmp, 0, 1);
      16*:  488:	    *pErrCode = ret ? 0 : ERR_ACN_DECODE_PDU_PAYLOAD;
       16:  489:	    if (ret) {
       16:  490:	        switch(MyModule_PDU_payload_index_tmp)
        -:  491:	        {
        8:  492:	        case 0:
        8:  493:	        	pVal->payload.kind = case1_PRESENT;
        -:  494:	        	/*Decode int_field */
        8:  495:	        	ret = Acn_Dec_Int_TwosComplement_ConstSize_big_endian_32(pBitStrm, (&(pVal->payload.u.case1.int_field)));
       8*:  496:	        	*pErrCode = ret ? 0 : ERR_ACN_DECODE_PDU_PAYLOAD_CASE1_INT_FIELD;
        8:  497:	        	if (ret) {
        -:  498:	        	    /*Decode buffer */
        8:  499:	        	    ret = ((PDU_hdr_buffers_length<=100));
        8:  500:	        	    if (ret) {
        8:  501:	        	        pVal->payload.u.case1.buffer.nCount = (int)PDU_hdr_buffers_length;
        8:  502:	        	        ret = BitStream_DecodeOctetString_no_length(pBitStrm, pVal->payload.u.case1.buffer.arr, pVal->payload.u.case1.buffer.nCount);
       8*:  503:	        	    	*pErrCode = ret ? 0 : ERR_ACN_DECODE_PDU_PAYLOAD_CASE1_BUFFER;
        -:  504:	        	    }
        -:  505:	        	}   /*COVERAGE_IGNORE*/
        8:  506:	        	break;
        8:  507:	        case 1:
        8:  508:	        	pVal->payload.kind = case2_PRESENT;
        -:  509:	        	/*Decode int_field */
        8:  510:	        	ret = Acn_Dec_Int_TwosComplement_ConstSize_big_endian_32(pBitStrm, (&(pVal->payload.u.case2.int_field)));
       8*:  511:	        	*pErrCode = ret ? 0 : ERR_ACN_DECODE_PDU_PAYLOAD_CASE2_INT_FIELD;
        8:  512:	        	if (ret) {
        -:  513:	        	    /*Decode buffer */
        8:  514:	        	    ret = ((PDU_hdr_buffers_length<=100));
        8:  515:	        	    if (ret) {
        8:  516:	        	        pVal->payload.u.case2.buffer.nCount = (int)PDU_hdr_buffers_length;
        8:  517:	        	        ret = BitStream_DecodeOctetString_no_length(pBitStrm, pVal->payload.u.case2.buffer.arr, pVal->payload.u.case2.buffer.nCount);
       8*:  518:	        	    	*pErrCode = ret ? 0 : ERR_ACN_DECODE_PDU_PAYLOAD_CASE2_BUFFER;
        -:  519:	        	    }
        -:  520:	        	}   /*COVERAGE_IGNORE*/
        8:  521:	        	break;
    #####:  522:	        default: /*COVERAGE_IGNORE*/
    #####:  523:	            *pErrCode = ERR_ACN_DECODE_PDU_PAYLOAD;     /*COVERAGE_IGNORE*/
    #####:  524:	            ret = FALSE;                /*COVERAGE_IGNORE*/
        -:  525:	        }
        -:  526:	    } /*COVERAGE_IGNORE*/
        -:  527:	}   /*COVERAGE_IGNORE*/
        -:  528:
      16*:  529:    return ret && PDU_IsConstraintValid(pVal, pErrCode);
        -:  530:}
        -:  531:
        -:  532:
