        -:    0:Source:a.c
        -:    0:Graph:a.gcno
        -:    0:Data:a.gcda
        -:    0:Runs:1
        -:    1:/*
        -:    2:Code automatically generated by asn1scc tool
        -:    3:*/
        -:    4:#include <limits.h>
        -:    5:#include <string.h>
        -:    6:#include <math.h>
        -:    7:
        -:    8:#include "asn1crt_encoding.h"
        -:    9:#include "asn1crt_encoding_uper.h"
        -:   10:#include "asn1crt_encoding_acn.h"
        -:   11:
        -:   12:#include "a.h"
        -:   13:
        -:   14:
        2:   15:flag BUFFER_LENGTH_TYPE_Equal(const BUFFER_LENGTH_TYPE* pVal1, const BUFFER_LENGTH_TYPE* pVal2)
        -:   16:{
        2:   17:	return (*(pVal1)) == (*(pVal2));
        -:   18:
        -:   19:}
        -:   20:
        6:   21:flag BUFFER_LENGTH_TYPE_IsConstraintValid(const BUFFER_LENGTH_TYPE* pVal, int* pErrCode)
        -:   22:{
        6:   23:    flag ret = TRUE;
        6:   24:    ret = ((*(pVal)) <= 100UL);
        6:   25:    *pErrCode = ret ? 0 :  ERR_BUFFER_LENGTH_TYPE;
        -:   26:
        6:   27:	return ret;
        -:   28:}
        -:   29:
        2:   30:void BUFFER_LENGTH_TYPE_Initialize(BUFFER_LENGTH_TYPE* pVal)
        -:   31:{
        -:   32:	(void)pVal;
        -:   33:
        -:   34:
        2:   35:	(*(pVal)) = 0UL;
        2:   36:}
        -:   37:
        2:   38:flag BUFFER_LENGTH_TYPE_ACN_Encode(const BUFFER_LENGTH_TYPE* pVal, BitStream* pBitStrm, int* pErrCode, flag bCheckConstraints)
        -:   39:{
        2:   40:    flag ret = TRUE;
        -:   41:
        2:   42:    *pErrCode = 0;
       2*:   43:	ret = bCheckConstraints ? BUFFER_LENGTH_TYPE_IsConstraintValid(pVal, pErrCode) : TRUE ;
        2:   44:	if (ret && *pErrCode == 0) {
        2:   45:	    BitStream_EncodeConstraintPosWholeNumber(pBitStrm, (*(pVal)), 0, 100);
        -:   46:    } /*COVERAGE_IGNORE*/
        -:   47:
        -:   48:
        2:   49:    return ret;
        -:   50:}
        -:   51:
        2:   52:flag BUFFER_LENGTH_TYPE_ACN_Decode(BUFFER_LENGTH_TYPE* pVal, BitStream* pBitStrm, int* pErrCode)
        -:   53:{
        2:   54:    flag ret = TRUE;
        2:   55:	*pErrCode = 0;
        -:   56:
        -:   57:
        2:   58:	ret = BitStream_DecodeConstraintPosWholeNumber(pBitStrm, pVal, 0, 100);
       2*:   59:	*pErrCode = ret ? 0 : ERR_ACN_DECODE_BUFFER_LENGTH_TYPE;
        -:   60:
       2*:   61:    return ret && BUFFER_LENGTH_TYPE_IsConstraintValid(pVal, pErrCode);
        -:   62:}
        -:   63:
        -:   64:
        4:   65:flag Header_Equal(const Header* pVal1, const Header* pVal2)
        -:   66:{
        -:   67:	(void)pVal1;
        -:   68:	(void)pVal2;
        4:   69:	return TRUE;
        -:   70:
        -:   71:}
        -:   72:
       12:   73:flag Header_IsConstraintValid(const Header* pVal, int* pErrCode)
        -:   74:{
       12:   75:    flag ret = TRUE;
        -:   76:	(void)pVal;
       12:   77:    ret = TRUE;
       12:   78:    *pErrCode = 0;
        -:   79:
       12:   80:	return ret;
        -:   81:}
        -:   82:
        4:   83:void Header_Initialize(Header* pVal)
        -:   84:{
        -:   85:	(void)pVal;
        -:   86:
        -:   87:
        4:   88:}
        -:   89:
    #####:   90:flag Header_ACN_Encode(const Header* pVal, BitStream* pBitStrm, int* pErrCode, flag bCheckConstraints)
        -:   91:{
    #####:   92:    flag ret = TRUE;
        -:   93:	(void)pBitStrm;
        -:   94:
    #####:   95:    *pErrCode = 0;
    #####:   96:	ret = bCheckConstraints ? Header_IsConstraintValid(pVal, pErrCode) : TRUE ;
    #####:   97:	if (ret && *pErrCode == 0) {
        -:   98:    } /*COVERAGE_IGNORE*/
        -:   99:
        -:  100:
    #####:  101:    return ret;
        -:  102:}
        -:  103:
    #####:  104:flag Header_ACN_Decode(Header* pVal, BitStream* pBitStrm, int* pErrCode)
        -:  105:{
    #####:  106:    flag ret = TRUE;
        -:  107:	(void)pBitStrm;
    #####:  108:	*pErrCode = 0;
        -:  109:
        -:  110:
        -:  111:
    #####:  112:    return ret && Header_IsConstraintValid(pVal, pErrCode);
        -:  113:}
        -:  114:
        -:  115:
        6:  116:flag PayloadData1_int_field_Equal(const PayloadData1_int_field* pVal1, const PayloadData1_int_field* pVal2)
        -:  117:{
        6:  118:	return (*(pVal1)) == (*(pVal2));
        -:  119:
        -:  120:}
        -:  121:
        6:  122:flag PayloadData1_buffer_Equal(const PayloadData1_buffer* pVal1, const PayloadData1_buffer* pVal2)
        -:  123:{
       6*:  124:	return (pVal1->nCount == pVal2->nCount) && (memcmp(pVal1->arr, pVal2->arr, pVal1->nCount) ==0);
        -:  125:
        -:  126:}
        -:  127:
        6:  128:flag PayloadData1_Equal(const PayloadData1* pVal1, const PayloadData1* pVal2)
        -:  129:{
        6:  130:	flag ret=TRUE;
        -:  131:
        6:  132:    ret = PayloadData1_int_field_Equal((&(pVal1->int_field)), (&(pVal2->int_field)));
        -:  133:    
        6:  134:    if (ret) {
        6:  135:        ret = PayloadData1_buffer_Equal((&(pVal1->buffer)), (&(pVal2->buffer)));
        -:  136:    
        -:  137:    }
        -:  138:
        6:  139:	return ret;
        -:  140:
        -:  141:}
        -:  142:
       20:  143:flag PayloadData1_int_field_IsConstraintValid(const PayloadData1_int_field* pVal, int* pErrCode)
        -:  144:{
       20:  145:    flag ret = TRUE;
      20*:  146:    ret = ((-2147483648LL <= (*(pVal))) && ((*(pVal)) <= 2147483647LL));
      20*:  147:    *pErrCode = ret ? 0 :  ERR_PAYLOADDATA1_INT_FIELD;
        -:  148:
       20:  149:	return ret;
        -:  150:}
        -:  151:
       20:  152:flag PayloadData1_buffer_IsConstraintValid(const PayloadData1_buffer* pVal, int* pErrCode)
        -:  153:{
       20:  154:    flag ret = TRUE;
       20:  155:    ret = (pVal->nCount <= 100);
      20*:  156:    *pErrCode = ret ? 0 :  ERR_PAYLOADDATA1_BUFFER;
        -:  157:
       20:  158:	return ret;
        -:  159:}
        -:  160:
       20:  161:flag PayloadData1_IsConstraintValid(const PayloadData1* pVal, int* pErrCode)
        -:  162:{
       20:  163:    flag ret = TRUE;
       20:  164:    ret = PayloadData1_int_field_IsConstraintValid((&(pVal->int_field)), pErrCode);
       20:  165:    if (ret) {
       20:  166:        ret = PayloadData1_buffer_IsConstraintValid((&(pVal->buffer)), pErrCode);
        -:  167:    }   /*COVERAGE_IGNORE*/
        -:  168:
       20:  169:	return ret;
        -:  170:}
        -:  171:
       12:  172:void PayloadData1_int_field_Initialize(PayloadData1_int_field* pVal)
        -:  173:{
        -:  174:	(void)pVal;
        -:  175:
        -:  176:
       12:  177:	(*(pVal)) = 0LL;
       12:  178:}
       12:  179:void PayloadData1_buffer_Initialize(PayloadData1_buffer* pVal)
        -:  180:{
        -:  181:	(void)pVal;
        -:  182:
        -:  183:
       12:  184:	memset(pVal->arr, 0x0, 100);
       12:  185:	pVal->nCount = 0;
        -:  186:
       12:  187:}
       10:  188:void PayloadData1_Initialize(PayloadData1* pVal)
        -:  189:{
        -:  190:	(void)pVal;
        -:  191:
        -:  192:
        -:  193:	/*set int_field */
       10:  194:	PayloadData1_int_field_Initialize((&(pVal->int_field)));
        -:  195:	/*set buffer */
       10:  196:	PayloadData1_buffer_Initialize((&(pVal->buffer)));
       10:  197:}
        -:  198:
        4:  199:flag PayloadData1_ACN_Encode(const PayloadData1* pVal, BitStream* pBitStrm, int* pErrCode, flag bCheckConstraints)
        -:  200:{
        4:  201:    flag ret = TRUE;
        -:  202:
        4:  203:    *pErrCode = 0;
       4*:  204:	ret = bCheckConstraints ? PayloadData1_IsConstraintValid(pVal, pErrCode) : TRUE ;
        4:  205:	if (ret && *pErrCode == 0) {
        -:  206:	    /*Encode int_field */
        4:  207:	    BitStream_EncodeConstraintWholeNumber(pBitStrm, pVal->int_field, -2147483648LL, 2147483647LL);
        4:  208:	    if (ret) {
        -:  209:	        /*Encode buffer */
        4:  210:	        BitStream_EncodeConstraintWholeNumber(pBitStrm, pVal->buffer.nCount, 0, 100);
        4:  211:	        ret = BitStream_EncodeOctetString_no_length(pBitStrm, pVal->buffer.arr, pVal->buffer.nCount);
        -:  212:	    }   /*COVERAGE_IGNORE*/
        -:  213:    } /*COVERAGE_IGNORE*/
        -:  214:
        -:  215:
        4:  216:    return ret;
        -:  217:}
        -:  218:
        4:  219:flag PayloadData1_ACN_Decode(PayloadData1* pVal, BitStream* pBitStrm, int* pErrCode)
        -:  220:{
        4:  221:    flag ret = TRUE;
        4:  222:	*pErrCode = 0;
        -:  223:
        -:  224:	asn1SccSint nCount;
        -:  225:
        -:  226:	/*Decode int_field */
        4:  227:	ret = BitStream_DecodeConstraintWholeNumber(pBitStrm, (&(pVal->int_field)), -2147483648LL, 2147483647LL);
       4*:  228:	*pErrCode = ret ? 0 : ERR_ACN_DECODE_PAYLOADDATA1_INT_FIELD;
        4:  229:	if (ret) {
        -:  230:	    /*Decode buffer */
        4:  231:	    ret = BitStream_DecodeConstraintWholeNumber(pBitStrm, &nCount, 0, 100);
       4*:  232:	    *pErrCode = ret ? 0 : ERR_ACN_DECODE_PAYLOADDATA1_BUFFER;
        4:  233:	    pVal->buffer.nCount = (long)nCount;
        4:  234:	    ret = BitStream_DecodeOctetString_no_length(pBitStrm, pVal->buffer.arr, pVal->buffer.nCount);
        -:  235:	}   /*COVERAGE_IGNORE*/
        -:  236:
       4*:  237:    return ret && PayloadData1_IsConstraintValid(pVal, pErrCode);
        -:  238:}
        -:  239:
        -:  240:
        6:  241:flag PayloadData2_int_field_Equal(const PayloadData2_int_field* pVal1, const PayloadData2_int_field* pVal2)
        -:  242:{
        6:  243:	return (*(pVal1)) == (*(pVal2));
        -:  244:
        -:  245:}
        -:  246:
        6:  247:flag PayloadData2_buffer_Equal(const PayloadData2_buffer* pVal1, const PayloadData2_buffer* pVal2)
        -:  248:{
       6*:  249:	return (pVal1->nCount == pVal2->nCount) && (memcmp(pVal1->arr, pVal2->arr, pVal1->nCount) ==0);
        -:  250:
        -:  251:}
        -:  252:
        6:  253:flag PayloadData2_Equal(const PayloadData2* pVal1, const PayloadData2* pVal2)
        -:  254:{
        6:  255:	flag ret=TRUE;
        -:  256:
        6:  257:    ret = PayloadData2_int_field_Equal((&(pVal1->int_field)), (&(pVal2->int_field)));
        -:  258:    
        6:  259:    if (ret) {
        6:  260:        ret = PayloadData2_buffer_Equal((&(pVal1->buffer)), (&(pVal2->buffer)));
        -:  261:    
        -:  262:    }
        -:  263:
        6:  264:	return ret;
        -:  265:
        -:  266:}
        -:  267:
       20:  268:flag PayloadData2_int_field_IsConstraintValid(const PayloadData2_int_field* pVal, int* pErrCode)
        -:  269:{
       20:  270:    flag ret = TRUE;
      20*:  271:    ret = ((-2147483648LL <= (*(pVal))) && ((*(pVal)) <= 2147483647LL));
      20*:  272:    *pErrCode = ret ? 0 :  ERR_PAYLOADDATA2_INT_FIELD;
        -:  273:
       20:  274:	return ret;
        -:  275:}
        -:  276:
       20:  277:flag PayloadData2_buffer_IsConstraintValid(const PayloadData2_buffer* pVal, int* pErrCode)
        -:  278:{
       20:  279:    flag ret = TRUE;
       20:  280:    ret = (pVal->nCount <= 100);
      20*:  281:    *pErrCode = ret ? 0 :  ERR_PAYLOADDATA2_BUFFER;
        -:  282:
       20:  283:	return ret;
        -:  284:}
        -:  285:
       20:  286:flag PayloadData2_IsConstraintValid(const PayloadData2* pVal, int* pErrCode)
        -:  287:{
       20:  288:    flag ret = TRUE;
       20:  289:    ret = PayloadData2_int_field_IsConstraintValid((&(pVal->int_field)), pErrCode);
       20:  290:    if (ret) {
       20:  291:        ret = PayloadData2_buffer_IsConstraintValid((&(pVal->buffer)), pErrCode);
        -:  292:    }   /*COVERAGE_IGNORE*/
        -:  293:
       20:  294:	return ret;
        -:  295:}
        -:  296:
        4:  297:void PayloadData2_int_field_Initialize(PayloadData2_int_field* pVal)
        -:  298:{
        -:  299:	(void)pVal;
        -:  300:
        -:  301:
        4:  302:	(*(pVal)) = 0LL;
        4:  303:}
        4:  304:void PayloadData2_buffer_Initialize(PayloadData2_buffer* pVal)
        -:  305:{
        -:  306:	(void)pVal;
        -:  307:
        -:  308:
        4:  309:	memset(pVal->arr, 0x0, 100);
        4:  310:	pVal->nCount = 0;
        -:  311:
        4:  312:}
        2:  313:void PayloadData2_Initialize(PayloadData2* pVal)
        -:  314:{
        -:  315:	(void)pVal;
        -:  316:
        -:  317:
        -:  318:	/*set int_field */
        2:  319:	PayloadData2_int_field_Initialize((&(pVal->int_field)));
        -:  320:	/*set buffer */
        2:  321:	PayloadData2_buffer_Initialize((&(pVal->buffer)));
        2:  322:}
        -:  323:
        4:  324:flag PayloadData2_ACN_Encode(const PayloadData2* pVal, BitStream* pBitStrm, int* pErrCode, flag bCheckConstraints)
        -:  325:{
        4:  326:    flag ret = TRUE;
        -:  327:
        4:  328:    *pErrCode = 0;
       4*:  329:	ret = bCheckConstraints ? PayloadData2_IsConstraintValid(pVal, pErrCode) : TRUE ;
        4:  330:	if (ret && *pErrCode == 0) {
        -:  331:	    /*Encode int_field */
        4:  332:	    BitStream_EncodeConstraintWholeNumber(pBitStrm, pVal->int_field, -2147483648LL, 2147483647LL);
        4:  333:	    if (ret) {
        -:  334:	        /*Encode buffer */
        4:  335:	        BitStream_EncodeConstraintWholeNumber(pBitStrm, pVal->buffer.nCount, 0, 100);
        4:  336:	        ret = BitStream_EncodeOctetString_no_length(pBitStrm, pVal->buffer.arr, pVal->buffer.nCount);
        -:  337:	    }   /*COVERAGE_IGNORE*/
        -:  338:    } /*COVERAGE_IGNORE*/
        -:  339:
        -:  340:
        4:  341:    return ret;
        -:  342:}
        -:  343:
        4:  344:flag PayloadData2_ACN_Decode(PayloadData2* pVal, BitStream* pBitStrm, int* pErrCode)
        -:  345:{
        4:  346:    flag ret = TRUE;
        4:  347:	*pErrCode = 0;
        -:  348:
        -:  349:	asn1SccSint nCount;
        -:  350:
        -:  351:	/*Decode int_field */
        4:  352:	ret = BitStream_DecodeConstraintWholeNumber(pBitStrm, (&(pVal->int_field)), -2147483648LL, 2147483647LL);
       4*:  353:	*pErrCode = ret ? 0 : ERR_ACN_DECODE_PAYLOADDATA2_INT_FIELD;
        4:  354:	if (ret) {
        -:  355:	    /*Decode buffer */
        4:  356:	    ret = BitStream_DecodeConstraintWholeNumber(pBitStrm, &nCount, 0, 100);
       4*:  357:	    *pErrCode = ret ? 0 : ERR_ACN_DECODE_PAYLOADDATA2_BUFFER;
        4:  358:	    pVal->buffer.nCount = (long)nCount;
        4:  359:	    ret = BitStream_DecodeOctetString_no_length(pBitStrm, pVal->buffer.arr, pVal->buffer.nCount);
        -:  360:	}   /*COVERAGE_IGNORE*/
        -:  361:
       4*:  362:    return ret && PayloadData2_IsConstraintValid(pVal, pErrCode);
        -:  363:}
        -:  364:
        -:  365:
        8:  366:flag Payload_t_Equal(const Payload_t* pVal1, const Payload_t* pVal2)
        -:  367:{
        8:  368:	flag ret=TRUE;
        -:  369:
        8:  370:    ret = (pVal1->kind == pVal2->kind);
        8:  371:    if (ret) {
        8:  372:    	switch(pVal1->kind)
        -:  373:    	{
        4:  374:    	case case1_PRESENT:
        4:  375:    		ret = PayloadData1_Equal((&(pVal1->u.case1)), (&(pVal2->u.case1)));
        4:  376:    		break;
        4:  377:    	case case2_PRESENT:
        4:  378:    		ret = PayloadData2_Equal((&(pVal1->u.case2)), (&(pVal2->u.case2)));
        4:  379:    		break;
    #####:  380:    	default: /*COVERAGE_IGNORE*/
    #####:  381:    		ret = FALSE;    /*COVERAGE_IGNORE*/
        -:  382:    	}
        -:  383:    } /*COVERAGE_IGNORE*/
        8:  384:	return ret;
        -:  385:
        -:  386:}
        -:  387:
       24:  388:flag Payload_t_IsConstraintValid(const Payload_t* pVal, int* pErrCode)
        -:  389:{
       24:  390:    flag ret = TRUE;
       24:  391:    switch (pVal->kind) {
       12:  392:        case case1_PRESENT : 
       12:  393:            ret = PayloadData1_IsConstraintValid((&(pVal->u.case1)), pErrCode);
       12:  394:            break;          
       12:  395:        case case2_PRESENT : 
       12:  396:            ret = PayloadData2_IsConstraintValid((&(pVal->u.case2)), pErrCode);
       12:  397:            break;          
    #####:  398:        default: /*COVERAGE_IGNORE*/
    #####:  399:    	    *pErrCode = ERR_PAYLOAD_T;      /*COVERAGE_IGNORE*/
    #####:  400:    	    ret = FALSE;                               /*COVERAGE_IGNORE*/
        -:  401:    }
        -:  402:
       24:  403:	return ret;
        -:  404:}
        -:  405:
        8:  406:void Payload_t_Initialize(Payload_t* pVal)
        -:  407:{
        -:  408:	(void)pVal;
        -:  409:
        -:  410:
        8:  411:	pVal->kind = case1_PRESENT;
        8:  412:	PayloadData1_Initialize((&(pVal->u.case1)));
        8:  413:}
        -:  414:
        4:  415:flag Payload_t_ACN_Encode(const Payload_t* pVal, BitStream* pBitStrm, int* pErrCode, flag bCheckConstraints)
        -:  416:{
        4:  417:    flag ret = TRUE;
        -:  418:
        4:  419:    *pErrCode = 0;
       4*:  420:	ret = bCheckConstraints ? Payload_t_IsConstraintValid(pVal, pErrCode) : TRUE ;
        4:  421:	if (ret && *pErrCode == 0) {
        4:  422:	    switch(pVal->kind)
        -:  423:	    {
        2:  424:	    case case1_PRESENT:
        2:  425:	    	BitStream_EncodeConstraintWholeNumber(pBitStrm, 0, 0, 1);
        2:  426:	    	ret = PayloadData1_ACN_Encode((&(pVal->u.case1)), pBitStrm, pErrCode, FALSE);
        2:  427:	    	break;
        2:  428:	    case case2_PRESENT:
        2:  429:	    	BitStream_EncodeConstraintWholeNumber(pBitStrm, 1, 0, 1);
        2:  430:	    	ret = PayloadData2_ACN_Encode((&(pVal->u.case2)), pBitStrm, pErrCode, FALSE);
        2:  431:	    	break;
    #####:  432:	    default: /*COVERAGE_IGNORE*/
    #####:  433:	        *pErrCode = ERR_ACN_ENCODE_PAYLOAD_T;         /*COVERAGE_IGNORE*/
    #####:  434:	        ret = FALSE;                    /*COVERAGE_IGNORE*/
        -:  435:	    } /*COVERAGE_IGNORE*/
        -:  436:    } /*COVERAGE_IGNORE*/
        -:  437:
        -:  438:
        4:  439:    return ret;
        -:  440:}
        -:  441:
        4:  442:flag Payload_t_ACN_Decode(Payload_t* pVal, BitStream* pBitStrm, int* pErrCode)
        -:  443:{
        4:  444:    flag ret = TRUE;
        4:  445:	*pErrCode = 0;
        -:  446:
        -:  447:	asn1SccSint MyModule_Payload_t_index_tmp;
        -:  448:
        4:  449:	ret = BitStream_DecodeConstraintWholeNumber(pBitStrm, &MyModule_Payload_t_index_tmp, 0, 1);
       4*:  450:	*pErrCode = ret ? 0 : ERR_ACN_DECODE_PAYLOAD_T;
        4:  451:	if (ret) {
        4:  452:	    switch(MyModule_Payload_t_index_tmp)
        -:  453:	    {
        2:  454:	    case 0:
        2:  455:	    	pVal->kind = case1_PRESENT;
        2:  456:	    	ret = PayloadData1_ACN_Decode((&(pVal->u.case1)), pBitStrm, pErrCode);
        2:  457:	    	break;
        2:  458:	    case 1:
        2:  459:	    	pVal->kind = case2_PRESENT;
        2:  460:	    	ret = PayloadData2_ACN_Decode((&(pVal->u.case2)), pBitStrm, pErrCode);
        2:  461:	    	break;
    #####:  462:	    default: /*COVERAGE_IGNORE*/
    #####:  463:	        *pErrCode = ERR_ACN_DECODE_PAYLOAD_T;     /*COVERAGE_IGNORE*/
    #####:  464:	        ret = FALSE;                /*COVERAGE_IGNORE*/
        -:  465:	    }
        -:  466:	} /*COVERAGE_IGNORE*/
        -:  467:
       4*:  468:    return ret && Payload_t_IsConstraintValid(pVal, pErrCode);
        -:  469:}
        -:  470:
        -:  471:
        4:  472:flag PDU_Equal(const PDU* pVal1, const PDU* pVal2)
        -:  473:{
        4:  474:	flag ret=TRUE;
        -:  475:
        4:  476:    ret = Header_Equal((&(pVal1->hdr)), (&(pVal2->hdr)));
        -:  477:    
        4:  478:    if (ret) {
        4:  479:        ret = Payload_t_Equal((&(pVal1->payload)), (&(pVal2->payload)));
        -:  480:    
        -:  481:    }
        -:  482:
        4:  483:	return ret;
        -:  484:
        -:  485:}
        -:  486:
       12:  487:flag PDU_IsConstraintValid(const PDU* pVal, int* pErrCode)
        -:  488:{
       12:  489:    flag ret = TRUE;
       12:  490:    ret = Header_IsConstraintValid((&(pVal->hdr)), pErrCode);
       12:  491:    if (ret) {
       12:  492:        ret = Payload_t_IsConstraintValid((&(pVal->payload)), pErrCode);
        -:  493:    }   /*COVERAGE_IGNORE*/
        -:  494:
       12:  495:	return ret;
        -:  496:}
        -:  497:
        4:  498:void PDU_Initialize(PDU* pVal)
        -:  499:{
        -:  500:	(void)pVal;
        -:  501:
        -:  502:
        -:  503:	/*set hdr */
        4:  504:	Header_Initialize((&(pVal->hdr)));
        -:  505:	/*set payload */
        4:  506:	Payload_t_Initialize((&(pVal->payload)));
        4:  507:}
        -:  508:
        4:  509:flag PDU_ACN_Encode(const PDU* pVal, BitStream* pBitStrm, int* pErrCode, flag bCheckConstraints)
        -:  510:{
        4:  511:    flag ret = TRUE;
        -:  512:
        -:  513:	asn1SccUint PDU_hdr_buffers_length;
        4:  514:	flag PDU_hdr_buffers_length_is_initialized=FALSE;
        4:  515:    *pErrCode = 0;
       4*:  516:	ret = bCheckConstraints ? PDU_IsConstraintValid(pVal, pErrCode) : TRUE ;
        4:  517:	if (ret && *pErrCode == 0) {
        -:  518:	    /*Encode hdr */
        -:  519:	    /*Encode PDU_hdr_version */
        -:  520:	    {
        -:  521:	    	static byte tmp[] = {0x01};
        4:  522:	    	BitStream_AppendBits(pBitStrm, tmp, 8);
        -:  523:	    }
        4:  524:	    if (ret) {
        -:  525:	        {
        -:  526:	            asn1SccUint PDU_hdr_buffers_length00;
        4:  527:	            flag PDU_hdr_buffers_length00_is_initialized=FALSE;
        -:  528:	            asn1SccUint PDU_hdr_buffers_length01;
        4:  529:	            flag PDU_hdr_buffers_length01_is_initialized=FALSE;
        -:  530:
        4:  531:	            if (pVal->payload.kind == case2_PRESENT) {
        2:  532:	                PDU_hdr_buffers_length00_is_initialized = TRUE;
        2:  533:	                PDU_hdr_buffers_length00 = pVal->payload.u.case2.buffer.nCount;
        -:  534:	            }
        4:  535:	            if (pVal->payload.kind == case1_PRESENT) {
        2:  536:	                PDU_hdr_buffers_length01_is_initialized = TRUE;
        2:  537:	                PDU_hdr_buffers_length01 = pVal->payload.u.case1.buffer.nCount;
        -:  538:	            }
        -:  539:
        4:  540:	            if (ret) {
        -:  541:
        4:  542:	                *pErrCode = ERR_ACN_ENCODE_UPDATE_PDU_HDR_BUFFERS_LENGTH;
        4:  543:	                if (PDU_hdr_buffers_length00_is_initialized) { /*COVERAGE_IGNORE*/
        2:  544:	                    PDU_hdr_buffers_length = PDU_hdr_buffers_length00; /*COVERAGE_IGNORE*/
        2:  545:	                } /*COVERAGE_IGNORE*/ else if (PDU_hdr_buffers_length01_is_initialized) { /*COVERAGE_IGNORE*/
        2:  546:	                    PDU_hdr_buffers_length = PDU_hdr_buffers_length01; /*COVERAGE_IGNORE*/
        -:  547:	                } /*COVERAGE_IGNORE*/ else {
    #####:  548:	                    ret = FALSE; /*COVERAGE_IGNORE*/
        -:  549:	                }
        4:  550:	                if (ret) {
       4*:  551:	                    ret = (((PDU_hdr_buffers_length00_is_initialized && PDU_hdr_buffers_length == PDU_hdr_buffers_length00) || !PDU_hdr_buffers_length00_is_initialized) && ((PDU_hdr_buffers_length01_is_initialized && PDU_hdr_buffers_length == PDU_hdr_buffers_length01) || !PDU_hdr_buffers_length01_is_initialized));
        4:  552:	                    PDU_hdr_buffers_length_is_initialized = TRUE;
        -:  553:	                }
        -:  554:	            }
        -:  555:	        }
        4:  556:	        if (ret) {
        -:  557:	            /*Encode PDU_hdr_buffers_length */
        4:  558:	            if (PDU_hdr_buffers_length_is_initialized) {
        4:  559:	                ret = TRUE;
        4:  560:	                Acn_Enc_Int_PositiveInteger_ConstSize_8(pBitStrm, PDU_hdr_buffers_length);
        -:  561:	            } else {
    #####:  562:	                *pErrCode = ERR_ACN_ENCODE_PDU_HDR_BUFFERS_LENGTH_UNINITIALIZED;         /*COVERAGE_IGNORE*/
    #####:  563:	                ret = FALSE;                    /*COVERAGE_IGNORE*/
        -:  564:	            }
        -:  565:	        }   /*COVERAGE_IGNORE*/
        -:  566:	    }   /*COVERAGE_IGNORE*/
        4:  567:	    if (ret) {
        -:  568:	        /*Encode payload */
        4:  569:	        switch(pVal->payload.kind)
        -:  570:	        {
        2:  571:	        case case1_PRESENT:
        2:  572:	        	BitStream_EncodeConstraintWholeNumber(pBitStrm, 0, 0, 1);
        -:  573:	        	/*Encode int_field */
        2:  574:	        	Acn_Enc_Int_TwosComplement_ConstSize_big_endian_32(pBitStrm, pVal->payload.u.case1.int_field);
        2:  575:	        	if (ret) {
        -:  576:	        	    /*Encode buffer */
        2:  577:	        	    ret = BitStream_EncodeOctetString_no_length(pBitStrm, pVal->payload.u.case1.buffer.arr, pVal->payload.u.case1.buffer.nCount);
        -:  578:	        	}   /*COVERAGE_IGNORE*/
        2:  579:	        	break;
        2:  580:	        case case2_PRESENT:
        2:  581:	        	BitStream_EncodeConstraintWholeNumber(pBitStrm, 1, 0, 1);
        -:  582:	        	/*Encode int_field */
        2:  583:	        	Acn_Enc_Int_TwosComplement_ConstSize_big_endian_32(pBitStrm, pVal->payload.u.case2.int_field);
        2:  584:	        	if (ret) {
        -:  585:	        	    /*Encode buffer */
        2:  586:	        	    ret = BitStream_EncodeOctetString_no_length(pBitStrm, pVal->payload.u.case2.buffer.arr, pVal->payload.u.case2.buffer.nCount);
        -:  587:	        	}   /*COVERAGE_IGNORE*/
        2:  588:	        	break;
    #####:  589:	        default: /*COVERAGE_IGNORE*/
    #####:  590:	            *pErrCode = ERR_ACN_ENCODE_PDU_PAYLOAD;         /*COVERAGE_IGNORE*/
    #####:  591:	            ret = FALSE;                    /*COVERAGE_IGNORE*/
        -:  592:	        } /*COVERAGE_IGNORE*/
        -:  593:	    }   /*COVERAGE_IGNORE*/
        -:  594:    } /*COVERAGE_IGNORE*/
        -:  595:
        -:  596:
        4:  597:    return ret;
        -:  598:}
        -:  599:
        4:  600:flag PDU_ACN_Decode(PDU* pVal, BitStream* pBitStrm, int* pErrCode)
        -:  601:{
        4:  602:    flag ret = TRUE;
        4:  603:	*pErrCode = 0;
        -:  604:
        -:  605:	asn1SccUint PDU_hdr_buffers_length;
        -:  606:	asn1SccSint MyModule_PDU_payload_index_tmp;
        -:  607:
        -:  608:	/*Decode hdr */
        -:  609:	/*Decode PDU_hdr_version */
        -:  610:	{
        -:  611:		static byte tmp[] = {0x01};
        -:  612:	    flag bDecodingPatternMatches;
        4:  613:		ret = BitStream_ReadBitPattern(pBitStrm, tmp, 8, &bDecodingPatternMatches);
       4*:  614:	    ret = ret && bDecodingPatternMatches;
       4*:  615:	    *pErrCode = ret ? 0 : ERR_ACN_DECODE_PDU_HDR_VERSION;
        -:  616:	}
        -:  617:	
        4:  618:	if (ret) {
        -:  619:	    /*Decode PDU_hdr_buffers_length */
        4:  620:	    ret = Acn_Dec_Int_PositiveInteger_ConstSize_8(pBitStrm, (&(PDU_hdr_buffers_length)));
       4*:  621:	    *pErrCode = ret ? 0 : ERR_ACN_DECODE_PDU_HDR_BUFFERS_LENGTH;
        -:  622:	}   /*COVERAGE_IGNORE*/
        4:  623:	if (ret) {
        -:  624:	    /*Decode payload */
        4:  625:	    ret = BitStream_DecodeConstraintWholeNumber(pBitStrm, &MyModule_PDU_payload_index_tmp, 0, 1);
       4*:  626:	    *pErrCode = ret ? 0 : ERR_ACN_DECODE_PDU_PAYLOAD;
        4:  627:	    if (ret) {
        4:  628:	        switch(MyModule_PDU_payload_index_tmp)
        -:  629:	        {
        2:  630:	        case 0:
        2:  631:	        	pVal->payload.kind = case1_PRESENT;
        -:  632:	        	/*Decode int_field */
        2:  633:	        	ret = Acn_Dec_Int_TwosComplement_ConstSize_big_endian_32(pBitStrm, (&(pVal->payload.u.case1.int_field)));
       2*:  634:	        	*pErrCode = ret ? 0 : ERR_ACN_DECODE_PDU_PAYLOAD_CASE1_INT_FIELD;
        2:  635:	        	if (ret) {
        -:  636:	        	    /*Decode buffer */
        2:  637:	        	    ret = ((PDU_hdr_buffers_length<=100));
        2:  638:	        	    if (ret) {
        2:  639:	        	        pVal->payload.u.case1.buffer.nCount = (int)PDU_hdr_buffers_length;
        2:  640:	        	        ret = BitStream_DecodeOctetString_no_length(pBitStrm, pVal->payload.u.case1.buffer.arr, pVal->payload.u.case1.buffer.nCount);
       2*:  641:	        	    	*pErrCode = ret ? 0 : ERR_ACN_DECODE_PDU_PAYLOAD_CASE1_BUFFER;
        -:  642:	        	    }
        -:  643:	        	}   /*COVERAGE_IGNORE*/
        2:  644:	        	break;
        2:  645:	        case 1:
        2:  646:	        	pVal->payload.kind = case2_PRESENT;
        -:  647:	        	/*Decode int_field */
        2:  648:	        	ret = Acn_Dec_Int_TwosComplement_ConstSize_big_endian_32(pBitStrm, (&(pVal->payload.u.case2.int_field)));
       2*:  649:	        	*pErrCode = ret ? 0 : ERR_ACN_DECODE_PDU_PAYLOAD_CASE2_INT_FIELD;
        2:  650:	        	if (ret) {
        -:  651:	        	    /*Decode buffer */
        2:  652:	        	    ret = ((PDU_hdr_buffers_length<=100));
        2:  653:	        	    if (ret) {
        2:  654:	        	        pVal->payload.u.case2.buffer.nCount = (int)PDU_hdr_buffers_length;
        2:  655:	        	        ret = BitStream_DecodeOctetString_no_length(pBitStrm, pVal->payload.u.case2.buffer.arr, pVal->payload.u.case2.buffer.nCount);
       2*:  656:	        	    	*pErrCode = ret ? 0 : ERR_ACN_DECODE_PDU_PAYLOAD_CASE2_BUFFER;
        -:  657:	        	    }
        -:  658:	        	}   /*COVERAGE_IGNORE*/
        2:  659:	        	break;
    #####:  660:	        default: /*COVERAGE_IGNORE*/
    #####:  661:	            *pErrCode = ERR_ACN_DECODE_PDU_PAYLOAD;     /*COVERAGE_IGNORE*/
    #####:  662:	            ret = FALSE;                /*COVERAGE_IGNORE*/
        -:  663:	        }
        -:  664:	    } /*COVERAGE_IGNORE*/
        -:  665:	}   /*COVERAGE_IGNORE*/
        -:  666:
       4*:  667:    return ret && PDU_IsConstraintValid(pVal, pErrCode);
        -:  668:}
        -:  669:
        -:  670:
