        -:    0:Source:a.c
        -:    0:Graph:a.gcno
        -:    0:Data:a.gcda
        -:    0:Runs:1
        -:    1:/*
        -:    2:Code automatically generated by asn1scc tool
        -:    3:*/
        -:    4:#include <limits.h>
        -:    5:#include <string.h>
        -:    6:#include <math.h>
        -:    7:
        -:    8:#include "asn1crt_encoding.h"
        -:    9:#include "asn1crt_encoding_uper.h"
        -:   10:#include "asn1crt_encoding_acn.h"
        -:   11:
        -:   12:#include "a.h"
        -:   13:
        -:   14:
        2:   15:flag PDU_LENGTH_TYPE_Equal(const PDU_LENGTH_TYPE* pVal1, const PDU_LENGTH_TYPE* pVal2)
        -:   16:{
        2:   17:	return (*(pVal1)) == (*(pVal2));
        -:   18:
        -:   19:}
        -:   20:
        6:   21:flag PDU_LENGTH_TYPE_IsConstraintValid(const PDU_LENGTH_TYPE* pVal, int* pErrCode)
        -:   22:{
        6:   23:    flag ret = TRUE;
        6:   24:    ret = ((*(pVal)) <= 65535UL);
        6:   25:    *pErrCode = ret ? 0 :  ERR_PDU_LENGTH_TYPE;
        -:   26:
        6:   27:	return ret;
        -:   28:}
        -:   29:
        2:   30:void PDU_LENGTH_TYPE_Initialize(PDU_LENGTH_TYPE* pVal)
        -:   31:{
        -:   32:	(void)pVal;
        -:   33:
        -:   34:
        2:   35:	(*(pVal)) = 0UL;
        2:   36:}
        -:   37:
        2:   38:flag PDU_LENGTH_TYPE_ACN_Encode(const PDU_LENGTH_TYPE* pVal, BitStream* pBitStrm, int* pErrCode, flag bCheckConstraints)
        -:   39:{
        2:   40:    flag ret = TRUE;
        -:   41:
        2:   42:    *pErrCode = 0;
       2*:   43:	ret = bCheckConstraints ? PDU_LENGTH_TYPE_IsConstraintValid(pVal, pErrCode) : TRUE ;
        2:   44:	if (ret && *pErrCode == 0) {
        2:   45:	    BitStream_EncodeConstraintPosWholeNumber(pBitStrm, (*(pVal)), 0, 65535);
        -:   46:    } /*COVERAGE_IGNORE*/
        -:   47:
        -:   48:
        2:   49:    return ret;
        -:   50:}
        -:   51:
        2:   52:flag PDU_LENGTH_TYPE_ACN_Decode(PDU_LENGTH_TYPE* pVal, BitStream* pBitStrm, int* pErrCode)
        -:   53:{
        2:   54:    flag ret = TRUE;
        2:   55:	*pErrCode = 0;
        -:   56:
        -:   57:
        2:   58:	ret = BitStream_DecodeConstraintPosWholeNumber(pBitStrm, pVal, 0, 65535);
       2*:   59:	*pErrCode = ret ? 0 : ERR_ACN_DECODE_PDU_LENGTH_TYPE;
        -:   60:
       2*:   61:    return ret && PDU_LENGTH_TYPE_IsConstraintValid(pVal, pErrCode);
        -:   62:}
        -:   63:
        -:   64:
        2:   65:flag BUFFER_LENGTH_TYPE_Equal(const BUFFER_LENGTH_TYPE* pVal1, const BUFFER_LENGTH_TYPE* pVal2)
        -:   66:{
        2:   67:	return (*(pVal1)) == (*(pVal2));
        -:   68:
        -:   69:}
        -:   70:
        6:   71:flag BUFFER_LENGTH_TYPE_IsConstraintValid(const BUFFER_LENGTH_TYPE* pVal, int* pErrCode)
        -:   72:{
        6:   73:    flag ret = TRUE;
        6:   74:    ret = ((*(pVal)) <= 100UL);
       6*:   75:    *pErrCode = ret ? 0 :  ERR_BUFFER_LENGTH_TYPE;
        -:   76:
        6:   77:	return ret;
        -:   78:}
        -:   79:
        2:   80:void BUFFER_LENGTH_TYPE_Initialize(BUFFER_LENGTH_TYPE* pVal)
        -:   81:{
        -:   82:	(void)pVal;
        -:   83:
        -:   84:
        2:   85:	(*(pVal)) = 0UL;
        2:   86:}
        -:   87:
        2:   88:flag BUFFER_LENGTH_TYPE_ACN_Encode(const BUFFER_LENGTH_TYPE* pVal, BitStream* pBitStrm, int* pErrCode, flag bCheckConstraints)
        -:   89:{
        2:   90:    flag ret = TRUE;
        -:   91:
        2:   92:    *pErrCode = 0;
       2*:   93:	ret = bCheckConstraints ? BUFFER_LENGTH_TYPE_IsConstraintValid(pVal, pErrCode) : TRUE ;
        2:   94:	if (ret && *pErrCode == 0) {
        2:   95:	    BitStream_EncodeConstraintPosWholeNumber(pBitStrm, (*(pVal)), 0, 100);
        -:   96:    } /*COVERAGE_IGNORE*/
        -:   97:
        -:   98:
        2:   99:    return ret;
        -:  100:}
        -:  101:
        2:  102:flag BUFFER_LENGTH_TYPE_ACN_Decode(BUFFER_LENGTH_TYPE* pVal, BitStream* pBitStrm, int* pErrCode)
        -:  103:{
        2:  104:    flag ret = TRUE;
        2:  105:	*pErrCode = 0;
        -:  106:
        -:  107:
        2:  108:	ret = BitStream_DecodeConstraintPosWholeNumber(pBitStrm, pVal, 0, 100);
       2*:  109:	*pErrCode = ret ? 0 : ERR_ACN_DECODE_BUFFER_LENGTH_TYPE;
        -:  110:
       2*:  111:    return ret && BUFFER_LENGTH_TYPE_IsConstraintValid(pVal, pErrCode);
        -:  112:}
        -:  113:
        -:  114:
        2:  115:flag PayloadData_int_field_Equal(const PayloadData_int_field* pVal1, const PayloadData_int_field* pVal2)
        -:  116:{
        2:  117:	return (*(pVal1)) == (*(pVal2));
        -:  118:
        -:  119:}
        -:  120:
        2:  121:flag PayloadData_buffer1_Equal(const PayloadData_buffer1* pVal1, const PayloadData_buffer1* pVal2)
        -:  122:{
       2*:  123:	return (pVal1->nCount == pVal2->nCount) && (memcmp(pVal1->arr, pVal2->arr, pVal1->nCount) ==0);
        -:  124:
        -:  125:}
        -:  126:
        2:  127:flag PayloadData_buffer2_Equal(const PayloadData_buffer2* pVal1, const PayloadData_buffer2* pVal2)
        -:  128:{
       2*:  129:	return (pVal1->nCount == pVal2->nCount) && (memcmp(pVal1->arr, pVal2->arr, pVal1->nCount) ==0);
        -:  130:
        -:  131:}
        -:  132:
        2:  133:flag PayloadData_Equal(const PayloadData* pVal1, const PayloadData* pVal2)
        -:  134:{
        2:  135:	flag ret=TRUE;
        -:  136:
        2:  137:    ret = PayloadData_int_field_Equal((&(pVal1->int_field)), (&(pVal2->int_field)));
        -:  138:    
        2:  139:    if (ret) {
        2:  140:        ret = PayloadData_buffer1_Equal((&(pVal1->buffer1)), (&(pVal2->buffer1)));
        -:  141:        
        2:  142:        if (ret) {
        2:  143:            ret = PayloadData_buffer2_Equal((&(pVal1->buffer2)), (&(pVal2->buffer2)));
        -:  144:        
        -:  145:        }
        -:  146:    
        -:  147:    }
        -:  148:
        2:  149:	return ret;
        -:  150:
        -:  151:}
        -:  152:
        6:  153:flag PayloadData_int_field_IsConstraintValid(const PayloadData_int_field* pVal, int* pErrCode)
        -:  154:{
        6:  155:    flag ret = TRUE;
       6*:  156:    ret = ((-2147483648LL <= (*(pVal))) && ((*(pVal)) <= 2147483647LL));
       6*:  157:    *pErrCode = ret ? 0 :  ERR_PAYLOADDATA_INT_FIELD;
        -:  158:
        6:  159:	return ret;
        -:  160:}
        -:  161:
        6:  162:flag PayloadData_buffer1_IsConstraintValid(const PayloadData_buffer1* pVal, int* pErrCode)
        -:  163:{
        6:  164:    flag ret = TRUE;
        6:  165:    ret = (pVal->nCount <= 100);
       6*:  166:    *pErrCode = ret ? 0 :  ERR_PAYLOADDATA_BUFFER1;
        -:  167:
        6:  168:	return ret;
        -:  169:}
        -:  170:
        6:  171:flag PayloadData_buffer2_IsConstraintValid(const PayloadData_buffer2* pVal, int* pErrCode)
        -:  172:{
        6:  173:    flag ret = TRUE;
        6:  174:    ret = (pVal->nCount <= 100);
       6*:  175:    *pErrCode = ret ? 0 :  ERR_PAYLOADDATA_BUFFER2;
        -:  176:
        6:  177:	return ret;
        -:  178:}
        -:  179:
        6:  180:flag PayloadData_IsConstraintValid(const PayloadData* pVal, int* pErrCode)
        -:  181:{
        6:  182:    flag ret = TRUE;
        6:  183:    ret = PayloadData_int_field_IsConstraintValid((&(pVal->int_field)), pErrCode);
        6:  184:    if (ret) {
        6:  185:        ret = PayloadData_buffer1_IsConstraintValid((&(pVal->buffer1)), pErrCode);
        6:  186:        if (ret) {
        6:  187:            ret = PayloadData_buffer2_IsConstraintValid((&(pVal->buffer2)), pErrCode);
        -:  188:        }   /*COVERAGE_IGNORE*/
        -:  189:    }   /*COVERAGE_IGNORE*/
        -:  190:
        6:  191:	return ret;
        -:  192:}
        -:  193:
        2:  194:void PayloadData_int_field_Initialize(PayloadData_int_field* pVal)
        -:  195:{
        -:  196:	(void)pVal;
        -:  197:
        -:  198:
        2:  199:	(*(pVal)) = 0LL;
        2:  200:}
        2:  201:void PayloadData_buffer1_Initialize(PayloadData_buffer1* pVal)
        -:  202:{
        -:  203:	(void)pVal;
        -:  204:
        -:  205:
        2:  206:	memset(pVal->arr, 0x0, 100);
        2:  207:	pVal->nCount = 0;
        -:  208:
        2:  209:}
        2:  210:void PayloadData_buffer2_Initialize(PayloadData_buffer2* pVal)
        -:  211:{
        -:  212:	(void)pVal;
        -:  213:
        -:  214:
        2:  215:	memset(pVal->arr, 0x0, 100);
        2:  216:	pVal->nCount = 0;
        -:  217:
        2:  218:}
        2:  219:void PayloadData_Initialize(PayloadData* pVal)
        -:  220:{
        -:  221:	(void)pVal;
        -:  222:
        -:  223:
        -:  224:	/*set int_field */
        2:  225:	PayloadData_int_field_Initialize((&(pVal->int_field)));
        -:  226:	/*set buffer1 */
        2:  227:	PayloadData_buffer1_Initialize((&(pVal->buffer1)));
        -:  228:	/*set buffer2 */
        2:  229:	PayloadData_buffer2_Initialize((&(pVal->buffer2)));
        2:  230:}
        -:  231:
        -:  232:
        2:  233:flag Header_Equal(const Header* pVal1, const Header* pVal2)
        -:  234:{
        -:  235:	(void)pVal1;
        -:  236:	(void)pVal2;
        2:  237:	return TRUE;
        -:  238:
        -:  239:}
        -:  240:
        6:  241:flag Header_IsConstraintValid(const Header* pVal, int* pErrCode)
        -:  242:{
        6:  243:    flag ret = TRUE;
        -:  244:	(void)pVal;
        6:  245:    ret = TRUE;
        6:  246:    *pErrCode = 0;
        -:  247:
        6:  248:	return ret;
        -:  249:}
        -:  250:
        2:  251:void Header_Initialize(Header* pVal)
        -:  252:{
        -:  253:	(void)pVal;
        -:  254:
        -:  255:
        2:  256:}
        -:  257:
    #####:  258:flag Header_ACN_Encode(const Header* pVal, BitStream* pBitStrm, int* pErrCode, flag bCheckConstraints)
        -:  259:{
    #####:  260:    flag ret = TRUE;
        -:  261:	(void)pBitStrm;
        -:  262:
    #####:  263:    *pErrCode = 0;
    #####:  264:	ret = bCheckConstraints ? Header_IsConstraintValid(pVal, pErrCode) : TRUE ;
    #####:  265:	if (ret && *pErrCode == 0) {
        -:  266:    } /*COVERAGE_IGNORE*/
        -:  267:
        -:  268:
    #####:  269:    return ret;
        -:  270:}
        -:  271:
    #####:  272:flag Header_ACN_Decode(Header* pVal, BitStream* pBitStrm, int* pErrCode)
        -:  273:{
    #####:  274:    flag ret = TRUE;
        -:  275:	(void)pBitStrm;
    #####:  276:	*pErrCode = 0;
        -:  277:
        -:  278:
        -:  279:
    #####:  280:    return ret && Header_IsConstraintValid(pVal, pErrCode);
        -:  281:}
        -:  282:
        -:  283:
        2:  284:flag PDU_Equal(const PDU* pVal1, const PDU* pVal2)
        -:  285:{
        2:  286:	flag ret=TRUE;
        -:  287:
        2:  288:    ret = Header_Equal((&(pVal1->hdr)), (&(pVal2->hdr)));
        -:  289:    
        2:  290:    if (ret) {
        2:  291:        ret = PayloadData_Equal((&(pVal1->payload)), (&(pVal2->payload)));
        -:  292:    
        -:  293:    }
        -:  294:
        2:  295:	return ret;
        -:  296:
        -:  297:}
        -:  298:
        6:  299:flag PDU_IsConstraintValid(const PDU* pVal, int* pErrCode)
        -:  300:{
        6:  301:    flag ret = TRUE;
        6:  302:    ret = Header_IsConstraintValid((&(pVal->hdr)), pErrCode);
        6:  303:    if (ret) {
        6:  304:        ret = PayloadData_IsConstraintValid((&(pVal->payload)), pErrCode);
        -:  305:    }   /*COVERAGE_IGNORE*/
        -:  306:
        6:  307:	return ret;
        -:  308:}
        -:  309:
        2:  310:void PDU_Initialize(PDU* pVal)
        -:  311:{
        -:  312:	(void)pVal;
        -:  313:
        -:  314:
        -:  315:	/*set hdr */
        2:  316:	Header_Initialize((&(pVal->hdr)));
        -:  317:	/*set payload */
        2:  318:	PayloadData_Initialize((&(pVal->payload)));
        2:  319:}
        -:  320:
        2:  321:flag PDU_ACN_Encode(const PDU* pVal, BitStream* pBitStrm, int* pErrCode, flag bCheckConstraints)
        -:  322:{
        2:  323:    flag ret = TRUE;
        -:  324:
        -:  325:	asn1SccUint PDU_hdr_pdu_length;
        2:  326:	flag PDU_hdr_pdu_length_is_initialized=FALSE;
        -:  327:	asn1SccUint PDU_hdr_buffers_length;
        2:  328:	flag PDU_hdr_buffers_length_is_initialized=FALSE;
        -:  329:	static byte arr[PayloadData_REQUIRED_BYTES_FOR_ACN_ENCODING];
        -:  330:	BitStream bitStrm;
        2:  331:    *pErrCode = 0;
       2*:  332:	ret = bCheckConstraints ? PDU_IsConstraintValid(pVal, pErrCode) : TRUE ;
        2:  333:	if (ret && *pErrCode == 0) {
        -:  334:	    /*Encode hdr */
        -:  335:	    /*Encode PDU_hdr_version */
        -:  336:	    {
        -:  337:	    	static byte tmp[] = {0x01};
        2:  338:	    	BitStream_AppendBits(pBitStrm, tmp, 8);
        -:  339:	    }
        2:  340:	    if (ret) {
        -:  341:	        {
        -:  342:	            /*first encode containing type to a temporary bitstream. That's the only way to learn in advance the size of the encoding octet string*/
        2:  343:	            BitStream_Init(&bitStrm, arr, sizeof(arr));
        2:  344:	            BitStream* pBitStrm_save = pBitStrm;
        2:  345:	            pBitStrm = &bitStrm;
        -:  346:	            /*Encode int_field */
        2:  347:	            Acn_Enc_Int_TwosComplement_ConstSize_big_endian_32(pBitStrm, pVal->payload.int_field);
        2:  348:	            if (ret) {
        -:  349:	                /*Encode buffer1 */
        2:  350:	                ret = BitStream_EncodeOctetString_no_length(pBitStrm, pVal->payload.buffer1.arr, pVal->payload.buffer1.nCount);
        2:  351:	                if (ret) {
        -:  352:	                    /*Encode buffer2 */
        2:  353:	                    ret = BitStream_EncodeOctetString_no_length(pBitStrm, pVal->payload.buffer2.arr, pVal->payload.buffer2.nCount);
        -:  354:	                }   /*COVERAGE_IGNORE*/
        -:  355:	            }   /*COVERAGE_IGNORE*/
        2:  356:	            pBitStrm = pBitStrm_save;
        -:  357:	        }
        2:  358:	        if (ret) {
       2*:  359:	        	PDU_hdr_pdu_length = bitStrm.currentBit == 0 ? bitStrm.currentByte : (bitStrm.currentByte + 1);
        2:  360:	        	PDU_hdr_pdu_length_is_initialized = TRUE;
        -:  361:	        }
        -:  362:	        
        2:  363:	        if (ret) {
        -:  364:	            /*Encode PDU_hdr_pdu_length */
        2:  365:	            if (PDU_hdr_pdu_length_is_initialized) {
        2:  366:	                ret = TRUE;
        2:  367:	                Acn_Enc_Int_PositiveInteger_ConstSize_big_endian_16(pBitStrm, PDU_hdr_pdu_length);
        -:  368:	            } else {
    #####:  369:	                *pErrCode = ERR_ACN_ENCODE_PDU_HDR_PDU_LENGTH_UNINITIALIZED;         /*COVERAGE_IGNORE*/
    #####:  370:	                ret = FALSE;                    /*COVERAGE_IGNORE*/
        -:  371:	            }
        -:  372:	        }   /*COVERAGE_IGNORE*/
        2:  373:	        if (ret) {
        -:  374:	            {
        -:  375:	                asn1SccUint PDU_payload_buffer_len00;
        2:  376:	                flag PDU_payload_buffer_len00_is_initialized=FALSE;
        -:  377:	                asn1SccUint PDU_payload_buffer_len01;
        2:  378:	                flag PDU_payload_buffer_len01_is_initialized=FALSE;
        -:  379:
        2:  380:	                PDU_payload_buffer_len00_is_initialized = TRUE;
        2:  381:	                PDU_payload_buffer_len00 = pVal->payload.buffer2.nCount;
        2:  382:	                PDU_payload_buffer_len01_is_initialized = TRUE;
        2:  383:	                PDU_payload_buffer_len01 = pVal->payload.buffer1.nCount;
        -:  384:
        2:  385:	                if (ret) {
        -:  386:
        2:  387:	                    *pErrCode = ERR_ACN_ENCODE_UPDATE_PDU_PAYLOAD_BUFFER_LEN;
        2:  388:	                    if (PDU_payload_buffer_len00_is_initialized) { /*COVERAGE_IGNORE*/
        2:  389:	                        PDU_hdr_buffers_length = PDU_payload_buffer_len00; /*COVERAGE_IGNORE*/
    #####:  390:	                    } /*COVERAGE_IGNORE*/ else if (PDU_payload_buffer_len01_is_initialized) { /*COVERAGE_IGNORE*/
    #####:  391:	                        PDU_hdr_buffers_length = PDU_payload_buffer_len01; /*COVERAGE_IGNORE*/
        -:  392:	                    } /*COVERAGE_IGNORE*/ else {
    #####:  393:	                        ret = FALSE; /*COVERAGE_IGNORE*/
        -:  394:	                    }
        2:  395:	                    if (ret) {
       2*:  396:	                        ret = (((PDU_payload_buffer_len00_is_initialized && PDU_hdr_buffers_length == PDU_payload_buffer_len00) || !PDU_payload_buffer_len00_is_initialized) && ((PDU_payload_buffer_len01_is_initialized && PDU_hdr_buffers_length == PDU_payload_buffer_len01) || !PDU_payload_buffer_len01_is_initialized));
        2:  397:	                        PDU_hdr_buffers_length_is_initialized = TRUE;
        -:  398:	                    }
        -:  399:	                }
        -:  400:	            }
        2:  401:	            if (ret) {
        -:  402:	                /*Encode PDU_hdr_buffers_length */
        2:  403:	                if (PDU_hdr_buffers_length_is_initialized) {
        2:  404:	                    ret = TRUE;
        2:  405:	                    Acn_Enc_Int_PositiveInteger_ConstSize_8(pBitStrm, PDU_hdr_buffers_length);
        -:  406:	                } else {
    #####:  407:	                    *pErrCode = ERR_ACN_ENCODE_PDU_HDR_BUFFERS_LENGTH_UNINITIALIZED;         /*COVERAGE_IGNORE*/
    #####:  408:	                    ret = FALSE;                    /*COVERAGE_IGNORE*/
        -:  409:	                }
        -:  410:	            }   /*COVERAGE_IGNORE*/
        -:  411:	        }   /*COVERAGE_IGNORE*/
        -:  412:	    }   /*COVERAGE_IGNORE*/
        2:  413:	    if (ret) {
        -:  414:	        /*Encode payload */
        2:  415:	        ret = BitStream_EncodeOctetString_no_length(pBitStrm, arr, (int)PDU_hdr_pdu_length);
        -:  416:	    }   /*COVERAGE_IGNORE*/
        -:  417:    } /*COVERAGE_IGNORE*/
        -:  418:
        -:  419:
        2:  420:    return ret;
        -:  421:}
        -:  422:
        2:  423:flag PDU_ACN_Decode(PDU* pVal, BitStream* pBitStrm, int* pErrCode)
        -:  424:{
        2:  425:    flag ret = TRUE;
        2:  426:	*pErrCode = 0;
        -:  427:
        -:  428:	asn1SccUint PDU_hdr_pdu_length;
        -:  429:	asn1SccUint PDU_hdr_buffers_length;
        -:  430:
        -:  431:	/*Decode hdr */
        -:  432:	/*Decode PDU_hdr_version */
        -:  433:	{
        -:  434:		static byte tmp[] = {0x01};
        -:  435:	    flag bDecodingPatternMatches;
        2:  436:		ret = BitStream_ReadBitPattern(pBitStrm, tmp, 8, &bDecodingPatternMatches);
       2*:  437:	    ret = ret && bDecodingPatternMatches;
       2*:  438:	    *pErrCode = ret ? 0 : ERR_ACN_DECODE_PDU_HDR_VERSION;
        -:  439:	}
        -:  440:	
        2:  441:	if (ret) {
        -:  442:	    /*Decode PDU_hdr_pdu_length */
        2:  443:	    ret = Acn_Dec_Int_PositiveInteger_ConstSize_big_endian_16(pBitStrm, (&(PDU_hdr_pdu_length)));
       2*:  444:	    *pErrCode = ret ? 0 : ERR_ACN_DECODE_PDU_HDR_PDU_LENGTH;
        2:  445:	    if (ret) {
        -:  446:	        /*Decode PDU_hdr_buffers_length */
        2:  447:	        ret = Acn_Dec_Int_PositiveInteger_ConstSize_8(pBitStrm, (&(PDU_hdr_buffers_length)));
       2*:  448:	        *pErrCode = ret ? 0 : ERR_ACN_DECODE_PDU_HDR_BUFFERS_LENGTH;
        -:  449:	    }   /*COVERAGE_IGNORE*/
        -:  450:	}   /*COVERAGE_IGNORE*/
        2:  451:	if (ret) {
        -:  452:	    /*Decode payload */
        -:  453:	    /*open new scope to declare some variables*/
        -:  454:	    {
        -:  455:	    	
        -:  456:	    	static byte arr[PayloadData_REQUIRED_BYTES_FOR_ACN_ENCODING];
        2:  457:	        BitStream* pBitStrm_save = pBitStrm;
        -:  458:	    	BitStream bitStrm;
        2:  459:	    	BitStream_Init(&bitStrm, arr, sizeof(arr));
        2:  460:	    	ret = (int)PDU_hdr_pdu_length <= PayloadData_REQUIRED_BYTES_FOR_ACN_ENCODING;
       2*:  461:	    	*pErrCode = ret ? 0 : ERR_ACN_DECODE_PDU_PAYLOAD_2;
        2:  462:	    	if (ret) {
        -:  463:	    		/*decode to the temporary bitstream buffer */
        2:  464:	    		ret = BitStream_DecodeOctetString_no_length(pBitStrm, arr, (int)PDU_hdr_pdu_length);
       2*:  465:	    		*pErrCode = ret ? 0 : ERR_ACN_DECODE_PDU_PAYLOAD_2;
        2:  466:	    		if (ret) {
        2:  467:	                pBitStrm = &bitStrm;
        -:  468:	                /*Decode int_field */
        2:  469:	                ret = Acn_Dec_Int_TwosComplement_ConstSize_big_endian_32(pBitStrm, (&(pVal->payload.int_field)));
       2*:  470:	                *pErrCode = ret ? 0 : ERR_ACN_DECODE_PDU_PAYLOAD_INT_FIELD;
        2:  471:	                if (ret) {
        -:  472:	                    /*Decode buffer1 */
        2:  473:	                    ret = ((PDU_hdr_buffers_length<=100));
        2:  474:	                    if (ret) {
        2:  475:	                        pVal->payload.buffer1.nCount = (int)PDU_hdr_buffers_length;
        2:  476:	                        ret = BitStream_DecodeOctetString_no_length(pBitStrm, pVal->payload.buffer1.arr, pVal->payload.buffer1.nCount);
       2*:  477:	                    	*pErrCode = ret ? 0 : ERR_ACN_DECODE_PDU_PAYLOAD_BUFFER1;
        -:  478:	                    }
        2:  479:	                    if (ret) {
        -:  480:	                        /*Decode buffer2 */
        2:  481:	                        ret = ((PDU_hdr_buffers_length<=100));
        2:  482:	                        if (ret) {
        2:  483:	                            pVal->payload.buffer2.nCount = (int)PDU_hdr_buffers_length;
        2:  484:	                            ret = BitStream_DecodeOctetString_no_length(pBitStrm, pVal->payload.buffer2.arr, pVal->payload.buffer2.nCount);
       2*:  485:	                        	*pErrCode = ret ? 0 : ERR_ACN_DECODE_PDU_PAYLOAD_BUFFER2;
        -:  486:	                        }
        -:  487:	                    }   /*COVERAGE_IGNORE*/
        -:  488:	                }   /*COVERAGE_IGNORE*/
        -:  489:	    			//ret = PayloadData_ACN_Decode((&(pVal->payload)), &bitStrm, pErrCode);
        2:  490:	                pBitStrm = pBitStrm_save;
        -:  491:	    		}
        -:  492:	    	}
        -:  493:	    }
        -:  494:	}   /*COVERAGE_IGNORE*/
        -:  495:
       2*:  496:    return ret && PDU_IsConstraintValid(pVal, pErrCode);
        -:  497:}
        -:  498:
        -:  499:
