        -:    0:Source:a.c
        -:    0:Graph:a.gcno
        -:    0:Data:a.gcda
        -:    0:Runs:2
        -:    1:/*
        -:    2:Code automatically generated by asn1scc tool
        -:    3:*/
        -:    4:#include <limits.h>
        -:    5:#include <string.h>
        -:    6:#include <math.h>
        -:    7:
        -:    8:#include "asn1crt_encoding.h"
        -:    9:#include "asn1crt_encoding_uper.h"
        -:   10:#include "asn1crt_encoding_acn.h"
        -:   11:
        -:   12:#include "a.h"
        -:   13:
        -:   14:
        4:   15:flag BUFFER_LENGTH_TYPE_Equal(const BUFFER_LENGTH_TYPE* pVal1, const BUFFER_LENGTH_TYPE* pVal2)
        -:   16:{
        4:   17:	return (*(pVal1)) == (*(pVal2));
        -:   18:
        -:   19:}
        -:   20:
       12:   21:flag BUFFER_LENGTH_TYPE_IsConstraintValid(const BUFFER_LENGTH_TYPE* pVal, int* pErrCode)
        -:   22:{
       12:   23:    flag ret = TRUE;
       12:   24:    ret = ((*(pVal)) <= 100UL);
       12:   25:    *pErrCode = ret ? 0 :  ERR_BUFFER_LENGTH_TYPE;
        -:   26:
       12:   27:	return ret;
        -:   28:}
        -:   29:
        4:   30:void BUFFER_LENGTH_TYPE_Initialize(BUFFER_LENGTH_TYPE* pVal)
        -:   31:{
        -:   32:	(void)pVal;
        -:   33:
        -:   34:
        4:   35:	(*(pVal)) = 0UL;
        4:   36:}
        -:   37:
        4:   38:flag BUFFER_LENGTH_TYPE_ACN_Encode(const BUFFER_LENGTH_TYPE* pVal, BitStream* pBitStrm, int* pErrCode, flag bCheckConstraints)
        -:   39:{
        4:   40:    flag ret = TRUE;
        -:   41:
        4:   42:    *pErrCode = 0;
       4*:   43:	ret = bCheckConstraints ? BUFFER_LENGTH_TYPE_IsConstraintValid(pVal, pErrCode) : TRUE ;
        4:   44:	if (ret && *pErrCode == 0) {
        4:   45:	    BitStream_EncodeConstraintPosWholeNumber(pBitStrm, (*(pVal)), 0, 100);
        -:   46:    } /*COVERAGE_IGNORE*/
        -:   47:
        -:   48:
        4:   49:    return ret;
        -:   50:}
        -:   51:
        4:   52:flag BUFFER_LENGTH_TYPE_ACN_Decode(BUFFER_LENGTH_TYPE* pVal, BitStream* pBitStrm, int* pErrCode)
        -:   53:{
        4:   54:    flag ret = TRUE;
        4:   55:	*pErrCode = 0;
        -:   56:
        -:   57:
        4:   58:	ret = BitStream_DecodeConstraintPosWholeNumber(pBitStrm, pVal, 0, 100);
       4*:   59:	*pErrCode = ret ? 0 : ERR_ACN_DECODE_BUFFER_LENGTH_TYPE;
        -:   60:
       4*:   61:    return ret && BUFFER_LENGTH_TYPE_IsConstraintValid(pVal, pErrCode);
        -:   62:}
        -:   63:
        -:   64:
        4:   65:flag Header_Equal(const Header* pVal1, const Header* pVal2)
        -:   66:{
        -:   67:	(void)pVal1;
        -:   68:	(void)pVal2;
        4:   69:	return TRUE;
        -:   70:
        -:   71:}
        -:   72:
       12:   73:flag Header_IsConstraintValid(const Header* pVal, int* pErrCode)
        -:   74:{
       12:   75:    flag ret = TRUE;
        -:   76:	(void)pVal;
       12:   77:    ret = TRUE;
       12:   78:    *pErrCode = 0;
        -:   79:
       12:   80:	return ret;
        -:   81:}
        -:   82:
        4:   83:void Header_Initialize(Header* pVal)
        -:   84:{
        -:   85:	(void)pVal;
        -:   86:
        -:   87:
        4:   88:}
        -:   89:
    #####:   90:flag Header_ACN_Encode(const Header* pVal, BitStream* pBitStrm, int* pErrCode, flag bCheckConstraints)
        -:   91:{
    #####:   92:    flag ret = TRUE;
        -:   93:	(void)pBitStrm;
        -:   94:
    #####:   95:    *pErrCode = 0;
    #####:   96:	ret = bCheckConstraints ? Header_IsConstraintValid(pVal, pErrCode) : TRUE ;
    #####:   97:	if (ret && *pErrCode == 0) {
        -:   98:    } /*COVERAGE_IGNORE*/
        -:   99:
        -:  100:
    #####:  101:    return ret;
        -:  102:}
        -:  103:
    #####:  104:flag Header_ACN_Decode(Header* pVal, BitStream* pBitStrm, int* pErrCode)
        -:  105:{
    #####:  106:    flag ret = TRUE;
        -:  107:	(void)pBitStrm;
    #####:  108:	*pErrCode = 0;
        -:  109:
        -:  110:
        -:  111:
    #####:  112:    return ret && Header_IsConstraintValid(pVal, pErrCode);
        -:  113:}
        -:  114:
        -:  115:
        8:  116:flag PayloadData_int_field_Equal(const PayloadData_int_field* pVal1, const PayloadData_int_field* pVal2)
        -:  117:{
        8:  118:	return (*(pVal1)) == (*(pVal2));
        -:  119:
        -:  120:}
        -:  121:
        8:  122:flag PayloadData_buffer_Equal(const PayloadData_buffer* pVal1, const PayloadData_buffer* pVal2)
        -:  123:{
       8*:  124:	return (pVal1->nCount == pVal2->nCount) && (memcmp(pVal1->arr, pVal2->arr, pVal1->nCount) ==0);
        -:  125:
        -:  126:}
        -:  127:
        8:  128:flag PayloadData_Equal(const PayloadData* pVal1, const PayloadData* pVal2)
        -:  129:{
        8:  130:	flag ret=TRUE;
        -:  131:
        8:  132:    ret = PayloadData_int_field_Equal((&(pVal1->int_field)), (&(pVal2->int_field)));
        -:  133:    
        8:  134:    if (ret) {
        8:  135:        ret = PayloadData_buffer_Equal((&(pVal1->buffer)), (&(pVal2->buffer)));
        -:  136:    
        -:  137:    }
        -:  138:
        8:  139:	return ret;
        -:  140:
        -:  141:}
        -:  142:
       24:  143:flag PayloadData_int_field_IsConstraintValid(const PayloadData_int_field* pVal, int* pErrCode)
        -:  144:{
       24:  145:    flag ret = TRUE;
      24*:  146:    ret = ((-2147483648LL <= (*(pVal))) && ((*(pVal)) <= 2147483647LL));
      24*:  147:    *pErrCode = ret ? 0 :  ERR_PAYLOADDATA_INT_FIELD;
        -:  148:
       24:  149:	return ret;
        -:  150:}
        -:  151:
       24:  152:flag PayloadData_buffer_IsConstraintValid(const PayloadData_buffer* pVal, int* pErrCode)
        -:  153:{
       24:  154:    flag ret = TRUE;
       24:  155:    ret = (pVal->nCount <= 100);
      24*:  156:    *pErrCode = ret ? 0 :  ERR_PAYLOADDATA_BUFFER;
        -:  157:
       24:  158:	return ret;
        -:  159:}
        -:  160:
       24:  161:flag PayloadData_IsConstraintValid(const PayloadData* pVal, int* pErrCode)
        -:  162:{
       24:  163:    flag ret = TRUE;
       24:  164:    ret = PayloadData_int_field_IsConstraintValid((&(pVal->int_field)), pErrCode);
       24:  165:    if (ret) {
       24:  166:        ret = PayloadData_buffer_IsConstraintValid((&(pVal->buffer)), pErrCode);
        -:  167:    }   /*COVERAGE_IGNORE*/
        -:  168:
       24:  169:	return ret;
        -:  170:}
        -:  171:
       12:  172:void PayloadData_int_field_Initialize(PayloadData_int_field* pVal)
        -:  173:{
        -:  174:	(void)pVal;
        -:  175:
        -:  176:
       12:  177:	(*(pVal)) = 0LL;
       12:  178:}
       12:  179:void PayloadData_buffer_Initialize(PayloadData_buffer* pVal)
        -:  180:{
        -:  181:	(void)pVal;
        -:  182:
        -:  183:
       12:  184:	memset(pVal->arr, 0x0, 100);
       12:  185:	pVal->nCount = 0;
        -:  186:
       12:  187:}
        8:  188:void PayloadData_Initialize(PayloadData* pVal)
        -:  189:{
        -:  190:	(void)pVal;
        -:  191:
        -:  192:
        -:  193:	/*set int_field */
        8:  194:	PayloadData_int_field_Initialize((&(pVal->int_field)));
        -:  195:	/*set buffer */
        8:  196:	PayloadData_buffer_Initialize((&(pVal->buffer)));
        8:  197:}
        -:  198:
        4:  199:flag PayloadData_ACN_Encode(const PayloadData* pVal, BitStream* pBitStrm, int* pErrCode, flag bCheckConstraints)
        -:  200:{
        4:  201:    flag ret = TRUE;
        -:  202:
        4:  203:    *pErrCode = 0;
       4*:  204:	ret = bCheckConstraints ? PayloadData_IsConstraintValid(pVal, pErrCode) : TRUE ;
        4:  205:	if (ret && *pErrCode == 0) {
        -:  206:	    /*Encode int_field */
        4:  207:	    BitStream_EncodeConstraintWholeNumber(pBitStrm, pVal->int_field, -2147483648LL, 2147483647LL);
        4:  208:	    if (ret) {
        -:  209:	        /*Encode buffer */
        4:  210:	        BitStream_EncodeConstraintWholeNumber(pBitStrm, pVal->buffer.nCount, 0, 100);
        4:  211:	        ret = BitStream_EncodeOctetString_no_length(pBitStrm, pVal->buffer.arr, pVal->buffer.nCount);
        -:  212:	    }   /*COVERAGE_IGNORE*/
        -:  213:    } /*COVERAGE_IGNORE*/
        -:  214:
        -:  215:
        4:  216:    return ret;
        -:  217:}
        -:  218:
        4:  219:flag PayloadData_ACN_Decode(PayloadData* pVal, BitStream* pBitStrm, int* pErrCode)
        -:  220:{
        4:  221:    flag ret = TRUE;
        4:  222:	*pErrCode = 0;
        -:  223:
        -:  224:	asn1SccSint nCount;
        -:  225:
        -:  226:	/*Decode int_field */
        4:  227:	ret = BitStream_DecodeConstraintWholeNumber(pBitStrm, (&(pVal->int_field)), -2147483648LL, 2147483647LL);
       4*:  228:	*pErrCode = ret ? 0 : ERR_ACN_DECODE_PAYLOADDATA_INT_FIELD;
        4:  229:	if (ret) {
        -:  230:	    /*Decode buffer */
        4:  231:	    ret = BitStream_DecodeConstraintWholeNumber(pBitStrm, &nCount, 0, 100);
       4*:  232:	    *pErrCode = ret ? 0 : ERR_ACN_DECODE_PAYLOADDATA_BUFFER;
        4:  233:	    pVal->buffer.nCount = (long)nCount;
        4:  234:	    ret = BitStream_DecodeOctetString_no_length(pBitStrm, pVal->buffer.arr, pVal->buffer.nCount);
        -:  235:	}   /*COVERAGE_IGNORE*/
        -:  236:
       4*:  237:    return ret && PayloadData_IsConstraintValid(pVal, pErrCode);
        -:  238:}
        -:  239:
        -:  240:
        4:  241:flag PDU_Equal(const PDU* pVal1, const PDU* pVal2)
        -:  242:{
        4:  243:	flag ret=TRUE;
        -:  244:
        4:  245:    ret = Header_Equal((&(pVal1->hdr)), (&(pVal2->hdr)));
        -:  246:    
        4:  247:    if (ret) {
        4:  248:        ret = PayloadData_Equal((&(pVal1->payload)), (&(pVal2->payload)));
        -:  249:    
        -:  250:    }
        -:  251:
        4:  252:	return ret;
        -:  253:
        -:  254:}
        -:  255:
       12:  256:flag PDU_IsConstraintValid(const PDU* pVal, int* pErrCode)
        -:  257:{
       12:  258:    flag ret = TRUE;
       12:  259:    ret = Header_IsConstraintValid((&(pVal->hdr)), pErrCode);
       12:  260:    if (ret) {
       12:  261:        ret = PayloadData_IsConstraintValid((&(pVal->payload)), pErrCode);
        -:  262:    }   /*COVERAGE_IGNORE*/
        -:  263:
       12:  264:	return ret;
        -:  265:}
        -:  266:
        4:  267:void PDU_Initialize(PDU* pVal)
        -:  268:{
        -:  269:	(void)pVal;
        -:  270:
        -:  271:
        -:  272:	/*set hdr */
        4:  273:	Header_Initialize((&(pVal->hdr)));
        -:  274:	/*set payload */
        4:  275:	PayloadData_Initialize((&(pVal->payload)));
        4:  276:}
        -:  277:
        4:  278:flag PDU_ACN_Encode(const PDU* pVal, BitStream* pBitStrm, int* pErrCode, flag bCheckConstraints)
        -:  279:{
        4:  280:    flag ret = TRUE;
        -:  281:
        -:  282:	asn1SccUint PDU_hdr_buffers_length;
        4:  283:	flag PDU_hdr_buffers_length_is_initialized=FALSE;
        4:  284:    *pErrCode = 0;
       4*:  285:	ret = bCheckConstraints ? PDU_IsConstraintValid(pVal, pErrCode) : TRUE ;
        4:  286:	if (ret && *pErrCode == 0) {
        -:  287:	    /*Encode hdr */
        -:  288:	    /*Encode PDU_hdr_version */
        -:  289:	    {
        -:  290:	    	static byte tmp[] = {0x01};
        4:  291:	    	BitStream_AppendBits(pBitStrm, tmp, 8);
        -:  292:	    }
        4:  293:	    if (ret) {
        4:  294:	        PDU_hdr_buffers_length_is_initialized = TRUE;
        4:  295:	        PDU_hdr_buffers_length = pVal->payload.buffer.nCount;
        4:  296:	        if (ret) {
        -:  297:	            /*Encode PDU_hdr_buffers_length */
        4:  298:	            if (PDU_hdr_buffers_length_is_initialized) {
        4:  299:	                ret = TRUE;
        4:  300:	                Acn_Enc_Int_PositiveInteger_ConstSize_8(pBitStrm, PDU_hdr_buffers_length);
        -:  301:	            } else {
    #####:  302:	                *pErrCode = ERR_ACN_ENCODE_PDU_HDR_BUFFERS_LENGTH_UNINITIALIZED;         /*COVERAGE_IGNORE*/
    #####:  303:	                ret = FALSE;                    /*COVERAGE_IGNORE*/
        -:  304:	            }
        -:  305:	        }   /*COVERAGE_IGNORE*/
        -:  306:	    }   /*COVERAGE_IGNORE*/
        4:  307:	    if (ret) {
        -:  308:	        /*Encode payload */
        -:  309:	        /*Encode int_field */
        4:  310:	        Acn_Enc_Int_TwosComplement_ConstSize_big_endian_32(pBitStrm, pVal->payload.int_field);
        4:  311:	        if (ret) {
        -:  312:	            /*Encode buffer */
        4:  313:	            ret = BitStream_EncodeOctetString_no_length(pBitStrm, pVal->payload.buffer.arr, pVal->payload.buffer.nCount);
        -:  314:	        }   /*COVERAGE_IGNORE*/
        -:  315:	    }   /*COVERAGE_IGNORE*/
        -:  316:    } /*COVERAGE_IGNORE*/
        -:  317:
        -:  318:
        4:  319:    return ret;
        -:  320:}
        -:  321:
        4:  322:flag PDU_ACN_Decode(PDU* pVal, BitStream* pBitStrm, int* pErrCode)
        -:  323:{
        4:  324:    flag ret = TRUE;
        4:  325:	*pErrCode = 0;
        -:  326:
        -:  327:	asn1SccUint PDU_hdr_buffers_length;
        -:  328:
        -:  329:	/*Decode hdr */
        -:  330:	/*Decode PDU_hdr_version */
        -:  331:	{
        -:  332:		static byte tmp[] = {0x01};
        -:  333:	    flag bDecodingPatternMatches;
        4:  334:		ret = BitStream_ReadBitPattern(pBitStrm, tmp, 8, &bDecodingPatternMatches);
       4*:  335:	    ret = ret && bDecodingPatternMatches;
       4*:  336:	    *pErrCode = ret ? 0 : ERR_ACN_DECODE_PDU_HDR_VERSION;
        -:  337:	}
        -:  338:	
        4:  339:	if (ret) {
        -:  340:	    /*Decode PDU_hdr_buffers_length */
        4:  341:	    ret = Acn_Dec_Int_PositiveInteger_ConstSize_8(pBitStrm, (&(PDU_hdr_buffers_length)));
       4*:  342:	    *pErrCode = ret ? 0 : ERR_ACN_DECODE_PDU_HDR_BUFFERS_LENGTH;
        -:  343:	}   /*COVERAGE_IGNORE*/
        4:  344:	if (ret) {
        -:  345:	    /*Decode payload */
        -:  346:	    /*Decode int_field */
        4:  347:	    ret = Acn_Dec_Int_TwosComplement_ConstSize_big_endian_32(pBitStrm, (&(pVal->payload.int_field)));
       4*:  348:	    *pErrCode = ret ? 0 : ERR_ACN_DECODE_PDU_PAYLOAD_INT_FIELD;
        4:  349:	    if (ret) {
        -:  350:	        /*Decode buffer */
        4:  351:	        ret = ((PDU_hdr_buffers_length<=100));
        4:  352:	        if (ret) {
        4:  353:	            pVal->payload.buffer.nCount = (int)PDU_hdr_buffers_length;
        4:  354:	            ret = BitStream_DecodeOctetString_no_length(pBitStrm, pVal->payload.buffer.arr, pVal->payload.buffer.nCount);
       4*:  355:	        	*pErrCode = ret ? 0 : ERR_ACN_DECODE_PDU_PAYLOAD_BUFFER;
        -:  356:	        }
        -:  357:	    }   /*COVERAGE_IGNORE*/
        -:  358:	}   /*COVERAGE_IGNORE*/
        -:  359:
       4*:  360:    return ret && PDU_IsConstraintValid(pVal, pErrCode);
        -:  361:}
        -:  362:
        -:  363:
